    Finished `dev` profile [unoptimized + debuginfo] target(s) in 0.71s
     Running `target/debug/zk-gw-svc`
[2m2026-03-24T03:23:20.005821Z[0m [32m INFO[0m [2mzk_gw_svc[0m[2m:[0m zk-gw-svc starting [3mgw_id[0m[2m=[0m"gw_sim_1" [3mgrpc_port[0m[2m=[0m51051
[2m2026-03-24T03:23:20.005938Z[0m [32m INFO[0m [2mzk_gw_svc[0m[2m:[0m connecting to NATS [3murl[0m[2m=[0m"nats://localhost:4222"
[2m2026-03-24T03:23:20.023699Z[0m [32m INFO[0m [2mzk_gw_svc[0m[2m:[0m sending Pilot bootstrap request
[2m2026-03-24T03:23:20.023864Z[0m [32m INFO[0m [2masync_nats[0m[2m:[0m event: connected
[2m2026-03-24T03:23:20.130749Z[0m [32m INFO[0m [2mzk_gw_svc[0m[2m:[0m runtime config assembled [3mgw_id[0m[2m=[0m"gw_sim_1" [3mvenue[0m[2m=[0m"simulator" [3maccount_id[0m[2m=[0m9001 [3mgrpc_port[0m[2m=[0m51051 [3msource[0m[2m=[0mPilot { config_version: "2", config_hash: "888015a9f48abfe0979122cf7830bcf267b547b163db1affff832884eaa0992d", issued_at_ms: 1774322600103 }
[2m2026-03-24T03:23:20.137953Z[0m [32m INFO[0m [2mzk_infra_rs::service_registry[0m[2m:[0m registered via Pilot (split-phase KV write) [3mkv_key[0m[2m=[0m"svc.gw.gw_sim_1" [3mowner_session_id[0m[2m=[0m"d6da0bcd-305d-4c33-8e20-553775095510" [3mrevision[0m[2m=[0m54774
[2m2026-03-24T03:23:20.138089Z[0m [32m INFO[0m [2mzk_gw_svc[0m[2m:[0m registered via Pilot (split-phase) [3mkv_key[0m[2m=[0m"svc.gw.gw_sim_1" [3msession_id[0m[2m=[0m"d6da0bcd-305d-4c33-8e20-553775095510"
[2m2026-03-24T03:23:20.138534Z[0m [32m INFO[0m [2mzk_gw_svc::venue::simulator::adapter[0m[2m:[0m simulator venue adapter connected
[2m2026-03-24T03:23:20.138802Z[0m [32m INFO[0m [2mzk_gw_svc[0m[2m:[0m gateway LIVE [3mgw_id[0m[2m=[0m"gw_sim_1"
[2m2026-03-24T03:23:20.139067Z[0m [32m INFO[0m [2mzk_gw_svc::gw_executor[0m[2m:[0m GwExecPool started [3mshard_count[0m[2m=[0m4 [3mqueue_capacity[0m[2m=[0m256
[2m2026-03-24T03:23:20.139430Z[0m [32m INFO[0m [2mzk_gw_svc[0m[2m:[0m starting dual gRPC servers [3mgw_addr[0m[2m=[0m0.0.0.0:51051 [3madmin_addr[0m[2m=[0m0.0.0.0:51052
[2m2026-03-24T03:23:20.141277Z[0m [34mDEBUG[0m [2mzk_infra_rs::nats_kv[0m[2m:[0m KV heartbeat [3mkey[0m[2m=[0m"svc.gw.gw_sim_1" [3mrevision[0m[2m=[0m54775
[2m2026-03-24T03:23:35.141797Z[0m [34mDEBUG[0m [2mzk_infra_rs::nats_kv[0m[2m:[0m KV heartbeat [3mkey[0m[2m=[0m"svc.gw.gw_sim_1" [3mrevision[0m[2m=[0m54777
[2m2026-03-24T03:23:50.141317Z[0m [34mDEBUG[0m [2mzk_infra_rs::nats_kv[0m[2m:[0m KV heartbeat [3mkey[0m[2m=[0m"svc.gw.gw_sim_1" [3mrevision[0m[2m=[0m54779
[2m2026-03-24T03:24:05.146327Z[0m [34mDEBUG[0m [2mzk_infra_rs::nats_kv[0m[2m:[0m KV heartbeat [3mkey[0m[2m=[0m"svc.gw.gw_sim_1" [3mrevision[0m[2m=[0m54783
[2m2026-03-24T03:24:20.141954Z[0m [34mDEBUG[0m [2mzk_infra_rs::nats_kv[0m[2m:[0m KV heartbeat [3mkey[0m[2m=[0m"svc.gw.gw_sim_1" [3mrevision[0m[2m=[0m54786
[2m2026-03-24T03:24:35.144799Z[0m [34mDEBUG[0m [2mzk_infra_rs::nats_kv[0m[2m:[0m KV heartbeat [3mkey[0m[2m=[0m"svc.gw.gw_sim_1" [3mrevision[0m[2m=[0m54790
[2m2026-03-24T03:24:50.143487Z[0m [34mDEBUG[0m [2mzk_infra_rs::nats_kv[0m[2m:[0m KV heartbeat [3mkey[0m[2m=[0m"svc.gw.gw_sim_1" [3mrevision[0m[2m=[0m54793
[2m2026-03-24T03:25:05.143388Z[0m [34mDEBUG[0m [2mzk_infra_rs::nats_kv[0m[2m:[0m KV heartbeat [3mkey[0m[2m=[0m"svc.gw.gw_sim_1" [3mrevision[0m[2m=[0m54797
[2m2026-03-24T03:25:20.146243Z[0m [34mDEBUG[0m [2mzk_infra_rs::nats_kv[0m[2m:[0m KV heartbeat [3mkey[0m[2m=[0m"svc.gw.gw_sim_1" [3mrevision[0m[2m=[0m54800
[2m2026-03-24T03:25:35.144630Z[0m [34mDEBUG[0m [2mzk_infra_rs::nats_kv[0m[2m:[0m KV heartbeat [3mkey[0m[2m=[0m"svc.gw.gw_sim_1" [3mrevision[0m[2m=[0m54804
[2m2026-03-24T03:25:50.143422Z[0m [34mDEBUG[0m [2mzk_infra_rs::nats_kv[0m[2m:[0m KV heartbeat [3mkey[0m[2m=[0m"svc.gw.gw_sim_1" [3mrevision[0m[2m=[0m54807
[2m2026-03-24T03:26:05.143061Z[0m [34mDEBUG[0m [2mzk_infra_rs::nats_kv[0m[2m:[0m KV heartbeat [3mkey[0m[2m=[0m"svc.gw.gw_sim_1" [3mrevision[0m[2m=[0m54811
[2m2026-03-24T03:26:20.143647Z[0m [34mDEBUG[0m [2mzk_infra_rs::nats_kv[0m[2m:[0m KV heartbeat [3mkey[0m[2m=[0m"svc.gw.gw_sim_1" [3mrevision[0m[2m=[0m54814
[2m2026-03-24T03:26:35.143188Z[0m [34mDEBUG[0m [2mzk_infra_rs::nats_kv[0m[2m:[0m KV heartbeat [3mkey[0m[2m=[0m"svc.gw.gw_sim_1" [3mrevision[0m[2m=[0m54818
[2m2026-03-24T03:26:50.143227Z[0m [34mDEBUG[0m [2mzk_infra_rs::nats_kv[0m[2m:[0m KV heartbeat [3mkey[0m[2m=[0m"svc.gw.gw_sim_1" [3mrevision[0m[2m=[0m54821
[2m2026-03-24T03:27:05.142919Z[0m [34mDEBUG[0m [2mzk_infra_rs::nats_kv[0m[2m:[0m KV heartbeat [3mkey[0m[2m=[0m"svc.gw.gw_sim_1" [3mrevision[0m[2m=[0m54825
[2m2026-03-24T03:27:20.141967Z[0m [34mDEBUG[0m [2mzk_infra_rs::nats_kv[0m[2m:[0m KV heartbeat [3mkey[0m[2m=[0m"svc.gw.gw_sim_1" [3mrevision[0m[2m=[0m54828
[2m2026-03-24T03:27:35.143615Z[0m [34mDEBUG[0m [2mzk_infra_rs::nats_kv[0m[2m:[0m KV heartbeat [3mkey[0m[2m=[0m"svc.gw.gw_sim_1" [3mrevision[0m[2m=[0m54832
[2m2026-03-24T03:27:50.142769Z[0m [34mDEBUG[0m [2mzk_infra_rs::nats_kv[0m[2m:[0m KV heartbeat [3mkey[0m[2m=[0m"svc.gw.gw_sim_1" [3mrevision[0m[2m=[0m54835
[2m2026-03-24T03:28:05.145112Z[0m [34mDEBUG[0m [2mzk_infra_rs::nats_kv[0m[2m:[0m KV heartbeat [3mkey[0m[2m=[0m"svc.gw.gw_sim_1" [3mrevision[0m[2m=[0m54839
[2m2026-03-24T03:28:20.142100Z[0m [34mDEBUG[0m [2mzk_infra_rs::nats_kv[0m[2m:[0m KV heartbeat [3mkey[0m[2m=[0m"svc.gw.gw_sim_1" [3mrevision[0m[2m=[0m54842
[2m2026-03-24T03:28:35.142012Z[0m [34mDEBUG[0m [2mzk_infra_rs::nats_kv[0m[2m:[0m KV heartbeat [3mkey[0m[2m=[0m"svc.gw.gw_sim_1" [3mrevision[0m[2m=[0m54846
[2m2026-03-24T03:28:50.143735Z[0m [34mDEBUG[0m [2mzk_infra_rs::nats_kv[0m[2m:[0m KV heartbeat [3mkey[0m[2m=[0m"svc.gw.gw_sim_1" [3mrevision[0m[2m=[0m54849
[2m2026-03-24T03:29:05.142965Z[0m [34mDEBUG[0m [2mzk_infra_rs::nats_kv[0m[2m:[0m KV heartbeat [3mkey[0m[2m=[0m"svc.gw.gw_sim_1" [3mrevision[0m[2m=[0m54853
[2m2026-03-24T03:29:20.143620Z[0m [34mDEBUG[0m [2mzk_infra_rs::nats_kv[0m[2m:[0m KV heartbeat [3mkey[0m[2m=[0m"svc.gw.gw_sim_1" [3mrevision[0m[2m=[0m54856
[2m2026-03-24T03:29:35.143728Z[0m [34mDEBUG[0m [2mzk_infra_rs::nats_kv[0m[2m:[0m KV heartbeat [3mkey[0m[2m=[0m"svc.gw.gw_sim_1" [3mrevision[0m[2m=[0m54860
[2m2026-03-24T03:29:50.144573Z[0m [34mDEBUG[0m [2mzk_infra_rs::nats_kv[0m[2m:[0m KV heartbeat [3mkey[0m[2m=[0m"svc.gw.gw_sim_1" [3mrevision[0m[2m=[0m54863
[2m2026-03-24T03:30:05.146549Z[0m [34mDEBUG[0m [2mzk_infra_rs::nats_kv[0m[2m:[0m KV heartbeat [3mkey[0m[2m=[0m"svc.gw.gw_sim_1" [3mrevision[0m[2m=[0m54867
[2m2026-03-24T03:30:20.148793Z[0m [34mDEBUG[0m [2mzk_infra_rs::nats_kv[0m[2m:[0m KV heartbeat [3mkey[0m[2m=[0m"svc.gw.gw_sim_1" [3mrevision[0m[2m=[0m54870
[2m2026-03-24T03:30:35.144096Z[0m [34mDEBUG[0m [2mzk_infra_rs::nats_kv[0m[2m:[0m KV heartbeat [3mkey[0m[2m=[0m"svc.gw.gw_sim_1" [3mrevision[0m[2m=[0m54874
[2m2026-03-24T03:30:50.144357Z[0m [34mDEBUG[0m [2mzk_infra_rs::nats_kv[0m[2m:[0m KV heartbeat [3mkey[0m[2m=[0m"svc.gw.gw_sim_1" [3mrevision[0m[2m=[0m54877
[2m2026-03-24T03:31:05.144218Z[0m [34mDEBUG[0m [2mzk_infra_rs::nats_kv[0m[2m:[0m KV heartbeat [3mkey[0m[2m=[0m"svc.gw.gw_sim_1" [3mrevision[0m[2m=[0m54881
[2m2026-03-24T03:31:20.146430Z[0m [34mDEBUG[0m [2mzk_infra_rs::nats_kv[0m[2m:[0m KV heartbeat [3mkey[0m[2m=[0m"svc.gw.gw_sim_1" [3mrevision[0m[2m=[0m54884
[2m2026-03-24T03:31:35.146553Z[0m [34mDEBUG[0m [2mzk_infra_rs::nats_kv[0m[2m:[0m KV heartbeat [3mkey[0m[2m=[0m"svc.gw.gw_sim_1" [3mrevision[0m[2m=[0m54888
[2m2026-03-24T03:31:50.146510Z[0m [34mDEBUG[0m [2mzk_infra_rs::nats_kv[0m[2m:[0m KV heartbeat [3mkey[0m[2m=[0m"svc.gw.gw_sim_1" [3mrevision[0m[2m=[0m54891
[2m2026-03-24T03:32:05.147333Z[0m [34mDEBUG[0m [2mzk_infra_rs::nats_kv[0m[2m:[0m KV heartbeat [3mkey[0m[2m=[0m"svc.gw.gw_sim_1" [3mrevision[0m[2m=[0m54895
[2m2026-03-24T03:32:20.146938Z[0m [34mDEBUG[0m [2mzk_infra_rs::nats_kv[0m[2m:[0m KV heartbeat [3mkey[0m[2m=[0m"svc.gw.gw_sim_1" [3mrevision[0m[2m=[0m54898
[2m2026-03-24T03:32:35.145380Z[0m [34mDEBUG[0m [2mzk_infra_rs::nats_kv[0m[2m:[0m KV heartbeat [3mkey[0m[2m=[0m"svc.gw.gw_sim_1" [3mrevision[0m[2m=[0m54902
[2m2026-03-24T03:32:50.146860Z[0m [34mDEBUG[0m [2mzk_infra_rs::nats_kv[0m[2m:[0m KV heartbeat [3mkey[0m[2m=[0m"svc.gw.gw_sim_1" [3mrevision[0m[2m=[0m54905
[2m2026-03-24T03:33:05.147174Z[0m [34mDEBUG[0m [2mzk_infra_rs::nats_kv[0m[2m:[0m KV heartbeat [3mkey[0m[2m=[0m"svc.gw.gw_sim_1" [3mrevision[0m[2m=[0m54909
[2m2026-03-24T03:33:20.146112Z[0m [34mDEBUG[0m [2mzk_infra_rs::nats_kv[0m[2m:[0m KV heartbeat [3mkey[0m[2m=[0m"svc.gw.gw_sim_1" [3mrevision[0m[2m=[0m54912
[2m2026-03-24T03:33:35.145073Z[0m [34mDEBUG[0m [2mzk_infra_rs::nats_kv[0m[2m:[0m KV heartbeat [3mkey[0m[2m=[0m"svc.gw.gw_sim_1" [3mrevision[0m[2m=[0m54916
[2m2026-03-24T03:33:50.145265Z[0m [34mDEBUG[0m [2mzk_infra_rs::nats_kv[0m[2m:[0m KV heartbeat [3mkey[0m[2m=[0m"svc.gw.gw_sim_1" [3mrevision[0m[2m=[0m54919
[2m2026-03-24T03:34:05.145767Z[0m [34mDEBUG[0m [2mzk_infra_rs::nats_kv[0m[2m:[0m KV heartbeat [3mkey[0m[2m=[0m"svc.gw.gw_sim_1" [3mrevision[0m[2m=[0m54923
[2m2026-03-24T03:34:20.146043Z[0m [34mDEBUG[0m [2mzk_infra_rs::nats_kv[0m[2m:[0m KV heartbeat [3mkey[0m[2m=[0m"svc.gw.gw_sim_1" [3mrevision[0m[2m=[0m54926
[2m2026-03-24T03:34:35.143807Z[0m [34mDEBUG[0m [2mzk_infra_rs::nats_kv[0m[2m:[0m KV heartbeat [3mkey[0m[2m=[0m"svc.gw.gw_sim_1" [3mrevision[0m[2m=[0m54930
[2m2026-03-24T03:34:50.146861Z[0m [34mDEBUG[0m [2mzk_infra_rs::nats_kv[0m[2m:[0m KV heartbeat [3mkey[0m[2m=[0m"svc.gw.gw_sim_1" [3mrevision[0m[2m=[0m54933
[2m2026-03-24T03:35:05.151127Z[0m [34mDEBUG[0m [2mzk_infra_rs::nats_kv[0m[2m:[0m KV heartbeat [3mkey[0m[2m=[0m"svc.gw.gw_sim_1" [3mrevision[0m[2m=[0m54937
[2m2026-03-24T03:35:20.146063Z[0m [34mDEBUG[0m [2mzk_infra_rs::nats_kv[0m[2m:[0m KV heartbeat [3mkey[0m[2m=[0m"svc.gw.gw_sim_1" [3mrevision[0m[2m=[0m54940
[2m2026-03-24T03:35:35.146614Z[0m [34mDEBUG[0m [2mzk_infra_rs::nats_kv[0m[2m:[0m KV heartbeat [3mkey[0m[2m=[0m"svc.gw.gw_sim_1" [3mrevision[0m[2m=[0m54944
[2m2026-03-24T03:35:50.145934Z[0m [34mDEBUG[0m [2mzk_infra_rs::nats_kv[0m[2m:[0m KV heartbeat [3mkey[0m[2m=[0m"svc.gw.gw_sim_1" [3mrevision[0m[2m=[0m54947
[2m2026-03-24T03:36:05.145004Z[0m [34mDEBUG[0m [2mzk_infra_rs::nats_kv[0m[2m:[0m KV heartbeat [3mkey[0m[2m=[0m"svc.gw.gw_sim_1" [3mrevision[0m[2m=[0m54951
[2m2026-03-24T03:36:20.146884Z[0m [34mDEBUG[0m [2mzk_infra_rs::nats_kv[0m[2m:[0m KV heartbeat [3mkey[0m[2m=[0m"svc.gw.gw_sim_1" [3mrevision[0m[2m=[0m54954
[2m2026-03-24T03:36:35.146846Z[0m [34mDEBUG[0m [2mzk_infra_rs::nats_kv[0m[2m:[0m KV heartbeat [3mkey[0m[2m=[0m"svc.gw.gw_sim_1" [3mrevision[0m[2m=[0m54958
[2m2026-03-24T03:36:50.146583Z[0m [34mDEBUG[0m [2mzk_infra_rs::nats_kv[0m[2m:[0m KV heartbeat [3mkey[0m[2m=[0m"svc.gw.gw_sim_1" [3mrevision[0m[2m=[0m54961
[2m2026-03-24T03:37:05.146456Z[0m [34mDEBUG[0m [2mzk_infra_rs::nats_kv[0m[2m:[0m KV heartbeat [3mkey[0m[2m=[0m"svc.gw.gw_sim_1" [3mrevision[0m[2m=[0m54965
[2m2026-03-24T03:37:20.147008Z[0m [34mDEBUG[0m [2mzk_infra_rs::nats_kv[0m[2m:[0m KV heartbeat [3mkey[0m[2m=[0m"svc.gw.gw_sim_1" [3mrevision[0m[2m=[0m54968
[2m2026-03-24T03:37:35.145459Z[0m [34mDEBUG[0m [2mzk_infra_rs::nats_kv[0m[2m:[0m KV heartbeat [3mkey[0m[2m=[0m"svc.gw.gw_sim_1" [3mrevision[0m[2m=[0m54972
[2m2026-03-24T03:37:50.148129Z[0m [34mDEBUG[0m [2mzk_infra_rs::nats_kv[0m[2m:[0m KV heartbeat [3mkey[0m[2m=[0m"svc.gw.gw_sim_1" [3mrevision[0m[2m=[0m54975
[2m2026-03-24T03:38:05.146143Z[0m [34mDEBUG[0m [2mzk_infra_rs::nats_kv[0m[2m:[0m KV heartbeat [3mkey[0m[2m=[0m"svc.gw.gw_sim_1" [3mrevision[0m[2m=[0m54979
[2m2026-03-24T03:38:20.145816Z[0m [34mDEBUG[0m [2mzk_infra_rs::nats_kv[0m[2m:[0m KV heartbeat [3mkey[0m[2m=[0m"svc.gw.gw_sim_1" [3mrevision[0m[2m=[0m54982
[2m2026-03-24T03:38:35.152293Z[0m [34mDEBUG[0m [2mzk_infra_rs::nats_kv[0m[2m:[0m KV heartbeat [3mkey[0m[2m=[0m"svc.gw.gw_sim_1" [3mrevision[0m[2m=[0m54986
[2m2026-03-24T03:38:50.146696Z[0m [34mDEBUG[0m [2mzk_infra_rs::nats_kv[0m[2m:[0m KV heartbeat [3mkey[0m[2m=[0m"svc.gw.gw_sim_1" [3mrevision[0m[2m=[0m54989
[2m2026-03-24T03:39:05.147766Z[0m [34mDEBUG[0m [2mzk_infra_rs::nats_kv[0m[2m:[0m KV heartbeat [3mkey[0m[2m=[0m"svc.gw.gw_sim_1" [3mrevision[0m[2m=[0m54993
[2m2026-03-24T03:39:20.149582Z[0m [34mDEBUG[0m [2mzk_infra_rs::nats_kv[0m[2m:[0m KV heartbeat [3mkey[0m[2m=[0m"svc.gw.gw_sim_1" [3mrevision[0m[2m=[0m54996
[2m2026-03-24T03:39:35.148031Z[0m [34mDEBUG[0m [2mzk_infra_rs::nats_kv[0m[2m:[0m KV heartbeat [3mkey[0m[2m=[0m"svc.gw.gw_sim_1" [3mrevision[0m[2m=[0m55000
[2m2026-03-24T03:39:50.154275Z[0m [34mDEBUG[0m [2mzk_infra_rs::nats_kv[0m[2m:[0m KV heartbeat [3mkey[0m[2m=[0m"svc.gw.gw_sim_1" [3mrevision[0m[2m=[0m55003
[2m2026-03-24T03:40:05.149959Z[0m [34mDEBUG[0m [2mzk_infra_rs::nats_kv[0m[2m:[0m KV heartbeat [3mkey[0m[2m=[0m"svc.gw.gw_sim_1" [3mrevision[0m[2m=[0m55007
[2m2026-03-24T03:40:20.148792Z[0m [34mDEBUG[0m [2mzk_infra_rs::nats_kv[0m[2m:[0m KV heartbeat [3mkey[0m[2m=[0m"svc.gw.gw_sim_1" [3mrevision[0m[2m=[0m55010
[2m2026-03-24T03:40:35.148834Z[0m [34mDEBUG[0m [2mzk_infra_rs::nats_kv[0m[2m:[0m KV heartbeat [3mkey[0m[2m=[0m"svc.gw.gw_sim_1" [3mrevision[0m[2m=[0m55014
[2m2026-03-24T03:40:50.149248Z[0m [34mDEBUG[0m [2mzk_infra_rs::nats_kv[0m[2m:[0m KV heartbeat [3mkey[0m[2m=[0m"svc.gw.gw_sim_1" [3mrevision[0m[2m=[0m55017
[2m2026-03-24T03:41:05.149631Z[0m [34mDEBUG[0m [2mzk_infra_rs::nats_kv[0m[2m:[0m KV heartbeat [3mkey[0m[2m=[0m"svc.gw.gw_sim_1" [3mrevision[0m[2m=[0m55021
[2m2026-03-24T03:41:20.150593Z[0m [34mDEBUG[0m [2mzk_infra_rs::nats_kv[0m[2m:[0m KV heartbeat [3mkey[0m[2m=[0m"svc.gw.gw_sim_1" [3mrevision[0m[2m=[0m55024
[2m2026-03-24T03:41:35.150513Z[0m [34mDEBUG[0m [2mzk_infra_rs::nats_kv[0m[2m:[0m KV heartbeat [3mkey[0m[2m=[0m"svc.gw.gw_sim_1" [3mrevision[0m[2m=[0m55028
[2m2026-03-24T03:41:50.150069Z[0m [34mDEBUG[0m [2mzk_infra_rs::nats_kv[0m[2m:[0m KV heartbeat [3mkey[0m[2m=[0m"svc.gw.gw_sim_1" [3mrevision[0m[2m=[0m55031
[2m2026-03-24T03:42:05.150439Z[0m [34mDEBUG[0m [2mzk_infra_rs::nats_kv[0m[2m:[0m KV heartbeat [3mkey[0m[2m=[0m"svc.gw.gw_sim_1" [3mrevision[0m[2m=[0m55035
[2m2026-03-24T03:42:20.152438Z[0m [34mDEBUG[0m [2mzk_infra_rs::nats_kv[0m[2m:[0m KV heartbeat [3mkey[0m[2m=[0m"svc.gw.gw_sim_1" [3mrevision[0m[2m=[0m55038
[2m2026-03-24T03:42:35.150049Z[0m [34mDEBUG[0m [2mzk_infra_rs::nats_kv[0m[2m:[0m KV heartbeat [3mkey[0m[2m=[0m"svc.gw.gw_sim_1" [3mrevision[0m[2m=[0m55042
[2m2026-03-24T03:42:50.150612Z[0m [34mDEBUG[0m [2mzk_infra_rs::nats_kv[0m[2m:[0m KV heartbeat [3mkey[0m[2m=[0m"svc.gw.gw_sim_1" [3mrevision[0m[2m=[0m55045
[2m2026-03-24T03:43:05.149203Z[0m [34mDEBUG[0m [2mzk_infra_rs::nats_kv[0m[2m:[0m KV heartbeat [3mkey[0m[2m=[0m"svc.gw.gw_sim_1" [3mrevision[0m[2m=[0m55049
[2m2026-03-24T03:43:20.149337Z[0m [34mDEBUG[0m [2mzk_infra_rs::nats_kv[0m[2m:[0m KV heartbeat [3mkey[0m[2m=[0m"svc.gw.gw_sim_1" [3mrevision[0m[2m=[0m55052
[2m2026-03-24T03:43:35.150264Z[0m [34mDEBUG[0m [2mzk_infra_rs::nats_kv[0m[2m:[0m KV heartbeat [3mkey[0m[2m=[0m"svc.gw.gw_sim_1" [3mrevision[0m[2m=[0m55056
[2m2026-03-24T03:43:50.150874Z[0m [34mDEBUG[0m [2mzk_infra_rs::nats_kv[0m[2m:[0m KV heartbeat [3mkey[0m[2m=[0m"svc.gw.gw_sim_1" [3mrevision[0m[2m=[0m55059
[2m2026-03-24T03:44:05.152259Z[0m [34mDEBUG[0m [2mzk_infra_rs::nats_kv[0m[2m:[0m KV heartbeat [3mkey[0m[2m=[0m"svc.gw.gw_sim_1" [3mrevision[0m[2m=[0m55063
[2m2026-03-24T03:44:20.150427Z[0m [34mDEBUG[0m [2mzk_infra_rs::nats_kv[0m[2m:[0m KV heartbeat [3mkey[0m[2m=[0m"svc.gw.gw_sim_1" [3mrevision[0m[2m=[0m55066
[2m2026-03-24T03:44:35.150811Z[0m [34mDEBUG[0m [2mzk_infra_rs::nats_kv[0m[2m:[0m KV heartbeat [3mkey[0m[2m=[0m"svc.gw.gw_sim_1" [3mrevision[0m[2m=[0m55070
[2m2026-03-24T03:44:50.150744Z[0m [34mDEBUG[0m [2mzk_infra_rs::nats_kv[0m[2m:[0m KV heartbeat [3mkey[0m[2m=[0m"svc.gw.gw_sim_1" [3mrevision[0m[2m=[0m55073
[2m2026-03-24T03:45:05.151850Z[0m [34mDEBUG[0m [2mzk_infra_rs::nats_kv[0m[2m:[0m KV heartbeat [3mkey[0m[2m=[0m"svc.gw.gw_sim_1" [3mrevision[0m[2m=[0m55077
[2m2026-03-24T03:45:20.151714Z[0m [34mDEBUG[0m [2mzk_infra_rs::nats_kv[0m[2m:[0m KV heartbeat [3mkey[0m[2m=[0m"svc.gw.gw_sim_1" [3mrevision[0m[2m=[0m55080
[2m2026-03-24T03:45:35.150625Z[0m [34mDEBUG[0m [2mzk_infra_rs::nats_kv[0m[2m:[0m KV heartbeat [3mkey[0m[2m=[0m"svc.gw.gw_sim_1" [3mrevision[0m[2m=[0m55084
[2m2026-03-24T03:45:50.153362Z[0m [34mDEBUG[0m [2mzk_infra_rs::nats_kv[0m[2m:[0m KV heartbeat [3mkey[0m[2m=[0m"svc.gw.gw_sim_1" [3mrevision[0m[2m=[0m55087
[2m2026-03-24T03:46:05.151352Z[0m [34mDEBUG[0m [2mzk_infra_rs::nats_kv[0m[2m:[0m KV heartbeat [3mkey[0m[2m=[0m"svc.gw.gw_sim_1" [3mrevision[0m[2m=[0m55091
[2m2026-03-24T03:46:20.152995Z[0m [34mDEBUG[0m [2mzk_infra_rs::nats_kv[0m[2m:[0m KV heartbeat [3mkey[0m[2m=[0m"svc.gw.gw_sim_1" [3mrevision[0m[2m=[0m55094
[2m2026-03-24T03:46:35.150885Z[0m [34mDEBUG[0m [2mzk_infra_rs::nats_kv[0m[2m:[0m KV heartbeat [3mkey[0m[2m=[0m"svc.gw.gw_sim_1" [3mrevision[0m[2m=[0m55098
[2m2026-03-24T03:46:50.151807Z[0m [34mDEBUG[0m [2mzk_infra_rs::nats_kv[0m[2m:[0m KV heartbeat [3mkey[0m[2m=[0m"svc.gw.gw_sim_1" [3mrevision[0m[2m=[0m55101
[2m2026-03-24T03:47:05.152574Z[0m [34mDEBUG[0m [2mzk_infra_rs::nats_kv[0m[2m:[0m KV heartbeat [3mkey[0m[2m=[0m"svc.gw.gw_sim_1" [3mrevision[0m[2m=[0m55105
[2m2026-03-24T03:47:20.151782Z[0m [34mDEBUG[0m [2mzk_infra_rs::nats_kv[0m[2m:[0m KV heartbeat [3mkey[0m[2m=[0m"svc.gw.gw_sim_1" [3mrevision[0m[2m=[0m55108
[2m2026-03-24T03:47:35.151945Z[0m [34mDEBUG[0m [2mzk_infra_rs::nats_kv[0m[2m:[0m KV heartbeat [3mkey[0m[2m=[0m"svc.gw.gw_sim_1" [3mrevision[0m[2m=[0m55112
[2m2026-03-24T03:47:50.151083Z[0m [34mDEBUG[0m [2mzk_infra_rs::nats_kv[0m[2m:[0m KV heartbeat [3mkey[0m[2m=[0m"svc.gw.gw_sim_1" [3mrevision[0m[2m=[0m55115
[2m2026-03-24T03:48:05.152222Z[0m [34mDEBUG[0m [2mzk_infra_rs::nats_kv[0m[2m:[0m KV heartbeat [3mkey[0m[2m=[0m"svc.gw.gw_sim_1" [3mrevision[0m[2m=[0m55119
[2m2026-03-24T03:48:20.156187Z[0m [34mDEBUG[0m [2mzk_infra_rs::nats_kv[0m[2m:[0m KV heartbeat [3mkey[0m[2m=[0m"svc.gw.gw_sim_1" [3mrevision[0m[2m=[0m55122
[2m2026-03-24T03:48:35.154479Z[0m [34mDEBUG[0m [2mzk_infra_rs::nats_kv[0m[2m:[0m KV heartbeat [3mkey[0m[2m=[0m"svc.gw.gw_sim_1" [3mrevision[0m[2m=[0m55126
[2m2026-03-24T03:48:50.156926Z[0m [34mDEBUG[0m [2mzk_infra_rs::nats_kv[0m[2m:[0m KV heartbeat [3mkey[0m[2m=[0m"svc.gw.gw_sim_1" [3mrevision[0m[2m=[0m55129
[2m2026-03-24T03:49:05.156515Z[0m [34mDEBUG[0m [2mzk_infra_rs::nats_kv[0m[2m:[0m KV heartbeat [3mkey[0m[2m=[0m"svc.gw.gw_sim_1" [3mrevision[0m[2m=[0m55133
[2m2026-03-24T03:49:20.151700Z[0m [34mDEBUG[0m [2mzk_infra_rs::nats_kv[0m[2m:[0m KV heartbeat [3mkey[0m[2m=[0m"svc.gw.gw_sim_1" [3mrevision[0m[2m=[0m55136
[2m2026-03-24T03:49:35.153558Z[0m [34mDEBUG[0m [2mzk_infra_rs::nats_kv[0m[2m:[0m KV heartbeat [3mkey[0m[2m=[0m"svc.gw.gw_sim_1" [3mrevision[0m[2m=[0m55140
[2m2026-03-24T03:49:50.152434Z[0m [34mDEBUG[0m [2mzk_infra_rs::nats_kv[0m[2m:[0m KV heartbeat [3mkey[0m[2m=[0m"svc.gw.gw_sim_1" [3mrevision[0m[2m=[0m55143
[2m2026-03-24T03:50:05.151743Z[0m [34mDEBUG[0m [2mzk_infra_rs::nats_kv[0m[2m:[0m KV heartbeat [3mkey[0m[2m=[0m"svc.gw.gw_sim_1" [3mrevision[0m[2m=[0m55147
[2m2026-03-24T03:50:20.157870Z[0m [34mDEBUG[0m [2mzk_infra_rs::nats_kv[0m[2m:[0m KV heartbeat [3mkey[0m[2m=[0m"svc.gw.gw_sim_1" [3mrevision[0m[2m=[0m55150
[2m2026-03-24T03:50:35.152802Z[0m [34mDEBUG[0m [2mzk_infra_rs::nats_kv[0m[2m:[0m KV heartbeat [3mkey[0m[2m=[0m"svc.gw.gw_sim_1" [3mrevision[0m[2m=[0m55154
[2m2026-03-24T03:50:50.151785Z[0m [34mDEBUG[0m [2mzk_infra_rs::nats_kv[0m[2m:[0m KV heartbeat [3mkey[0m[2m=[0m"svc.gw.gw_sim_1" [3mrevision[0m[2m=[0m55157
[2m2026-03-24T03:51:05.153705Z[0m [34mDEBUG[0m [2mzk_infra_rs::nats_kv[0m[2m:[0m KV heartbeat [3mkey[0m[2m=[0m"svc.gw.gw_sim_1" [3mrevision[0m[2m=[0m55161
[2m2026-03-24T03:51:20.152421Z[0m [34mDEBUG[0m [2mzk_infra_rs::nats_kv[0m[2m:[0m KV heartbeat [3mkey[0m[2m=[0m"svc.gw.gw_sim_1" [3mrevision[0m[2m=[0m55164
[2m2026-03-24T03:51:35.156022Z[0m [34mDEBUG[0m [2mzk_infra_rs::nats_kv[0m[2m:[0m KV heartbeat [3mkey[0m[2m=[0m"svc.gw.gw_sim_1" [3mrevision[0m[2m=[0m55168
[2m2026-03-24T03:51:50.155301Z[0m [34mDEBUG[0m [2mzk_infra_rs::nats_kv[0m[2m:[0m KV heartbeat [3mkey[0m[2m=[0m"svc.gw.gw_sim_1" [3mrevision[0m[2m=[0m55171
[2m2026-03-24T03:52:05.159356Z[0m [34mDEBUG[0m [2mzk_infra_rs::nats_kv[0m[2m:[0m KV heartbeat [3mkey[0m[2m=[0m"svc.gw.gw_sim_1" [3mrevision[0m[2m=[0m55175
[2m2026-03-24T03:52:20.154315Z[0m [34mDEBUG[0m [2mzk_infra_rs::nats_kv[0m[2m:[0m KV heartbeat [3mkey[0m[2m=[0m"svc.gw.gw_sim_1" [3mrevision[0m[2m=[0m55178
[2m2026-03-24T03:52:35.155997Z[0m [34mDEBUG[0m [2mzk_infra_rs::nats_kv[0m[2m:[0m KV heartbeat [3mkey[0m[2m=[0m"svc.gw.gw_sim_1" [3mrevision[0m[2m=[0m55182
[2m2026-03-24T03:52:50.153442Z[0m [34mDEBUG[0m [2mzk_infra_rs::nats_kv[0m[2m:[0m KV heartbeat [3mkey[0m[2m=[0m"svc.gw.gw_sim_1" [3mrevision[0m[2m=[0m55185
[2m2026-03-24T03:53:05.153307Z[0m [34mDEBUG[0m [2mzk_infra_rs::nats_kv[0m[2m:[0m KV heartbeat [3mkey[0m[2m=[0m"svc.gw.gw_sim_1" [3mrevision[0m[2m=[0m55189
[2m2026-03-24T03:53:20.155611Z[0m [34mDEBUG[0m [2mzk_infra_rs::nats_kv[0m[2m:[0m KV heartbeat [3mkey[0m[2m=[0m"svc.gw.gw_sim_1" [3mrevision[0m[2m=[0m55192
[2m2026-03-24T03:53:35.153630Z[0m [34mDEBUG[0m [2mzk_infra_rs::nats_kv[0m[2m:[0m KV heartbeat [3mkey[0m[2m=[0m"svc.gw.gw_sim_1" [3mrevision[0m[2m=[0m55196
[2m2026-03-24T03:53:50.159527Z[0m [34mDEBUG[0m [2mzk_infra_rs::nats_kv[0m[2m:[0m KV heartbeat [3mkey[0m[2m=[0m"svc.gw.gw_sim_1" [3mrevision[0m[2m=[0m55199
[2m2026-03-24T03:54:05.153657Z[0m [34mDEBUG[0m [2mzk_infra_rs::nats_kv[0m[2m:[0m KV heartbeat [3mkey[0m[2m=[0m"svc.gw.gw_sim_1" [3mrevision[0m[2m=[0m55203
[2m2026-03-24T03:54:20.160229Z[0m [34mDEBUG[0m [2mzk_infra_rs::nats_kv[0m[2m:[0m KV heartbeat [3mkey[0m[2m=[0m"svc.gw.gw_sim_1" [3mrevision[0m[2m=[0m55206
[2m2026-03-24T03:54:35.154000Z[0m [34mDEBUG[0m [2mzk_infra_rs::nats_kv[0m[2m:[0m KV heartbeat [3mkey[0m[2m=[0m"svc.gw.gw_sim_1" [3mrevision[0m[2m=[0m55210
[2m2026-03-24T03:54:50.161627Z[0m [34mDEBUG[0m [2mzk_infra_rs::nats_kv[0m[2m:[0m KV heartbeat [3mkey[0m[2m=[0m"svc.gw.gw_sim_1" [3mrevision[0m[2m=[0m55213
[2m2026-03-24T03:55:05.153922Z[0m [34mDEBUG[0m [2mzk_infra_rs::nats_kv[0m[2m:[0m KV heartbeat [3mkey[0m[2m=[0m"svc.gw.gw_sim_1" [3mrevision[0m[2m=[0m55217
[2m2026-03-24T03:55:20.161629Z[0m [34mDEBUG[0m [2mzk_infra_rs::nats_kv[0m[2m:[0m KV heartbeat [3mkey[0m[2m=[0m"svc.gw.gw_sim_1" [3mrevision[0m[2m=[0m55220
[2m2026-03-24T03:55:35.154495Z[0m [34mDEBUG[0m [2mzk_infra_rs::nats_kv[0m[2m:[0m KV heartbeat [3mkey[0m[2m=[0m"svc.gw.gw_sim_1" [3mrevision[0m[2m=[0m55224
[2m2026-03-24T03:55:50.158417Z[0m [34mDEBUG[0m [2mzk_infra_rs::nats_kv[0m[2m:[0m KV heartbeat [3mkey[0m[2m=[0m"svc.gw.gw_sim_1" [3mrevision[0m[2m=[0m55227
[2m2026-03-24T03:56:05.153808Z[0m [34mDEBUG[0m [2mzk_infra_rs::nats_kv[0m[2m:[0m KV heartbeat [3mkey[0m[2m=[0m"svc.gw.gw_sim_1" [3mrevision[0m[2m=[0m55231
[2m2026-03-24T03:56:20.158534Z[0m [34mDEBUG[0m [2mzk_infra_rs::nats_kv[0m[2m:[0m KV heartbeat [3mkey[0m[2m=[0m"svc.gw.gw_sim_1" [3mrevision[0m[2m=[0m55234
[2m2026-03-24T03:56:35.154786Z[0m [34mDEBUG[0m [2mzk_infra_rs::nats_kv[0m[2m:[0m KV heartbeat [3mkey[0m[2m=[0m"svc.gw.gw_sim_1" [3mrevision[0m[2m=[0m55238
[2m2026-03-24T03:56:50.159727Z[0m [34mDEBUG[0m [2mzk_infra_rs::nats_kv[0m[2m:[0m KV heartbeat [3mkey[0m[2m=[0m"svc.gw.gw_sim_1" [3mrevision[0m[2m=[0m55241
[2m2026-03-24T03:57:05.155511Z[0m [34mDEBUG[0m [2mzk_infra_rs::nats_kv[0m[2m:[0m KV heartbeat [3mkey[0m[2m=[0m"svc.gw.gw_sim_1" [3mrevision[0m[2m=[0m55245
[2m2026-03-24T03:57:20.158554Z[0m [34mDEBUG[0m [2mzk_infra_rs::nats_kv[0m[2m:[0m KV heartbeat [3mkey[0m[2m=[0m"svc.gw.gw_sim_1" [3mrevision[0m[2m=[0m55248
[2m2026-03-24T03:57:35.154891Z[0m [34mDEBUG[0m [2mzk_infra_rs::nats_kv[0m[2m:[0m KV heartbeat [3mkey[0m[2m=[0m"svc.gw.gw_sim_1" [3mrevision[0m[2m=[0m55252
[2m2026-03-24T03:57:50.155273Z[0m [34mDEBUG[0m [2mzk_infra_rs::nats_kv[0m[2m:[0m KV heartbeat [3mkey[0m[2m=[0m"svc.gw.gw_sim_1" [3mrevision[0m[2m=[0m55255
[2m2026-03-24T03:58:05.154884Z[0m [34mDEBUG[0m [2mzk_infra_rs::nats_kv[0m[2m:[0m KV heartbeat [3mkey[0m[2m=[0m"svc.gw.gw_sim_1" [3mrevision[0m[2m=[0m55259
[2m2026-03-24T03:58:20.160581Z[0m [34mDEBUG[0m [2mzk_infra_rs::nats_kv[0m[2m:[0m KV heartbeat [3mkey[0m[2m=[0m"svc.gw.gw_sim_1" [3mrevision[0m[2m=[0m55262
[2m2026-03-24T03:58:35.156476Z[0m [34mDEBUG[0m [2mzk_infra_rs::nats_kv[0m[2m:[0m KV heartbeat [3mkey[0m[2m=[0m"svc.gw.gw_sim_1" [3mrevision[0m[2m=[0m55266
[2m2026-03-24T03:58:50.157413Z[0m [34mDEBUG[0m [2mzk_infra_rs::nats_kv[0m[2m:[0m KV heartbeat [3mkey[0m[2m=[0m"svc.gw.gw_sim_1" [3mrevision[0m[2m=[0m55269
[2m2026-03-24T03:59:05.156464Z[0m [34mDEBUG[0m [2mzk_infra_rs::nats_kv[0m[2m:[0m KV heartbeat [3mkey[0m[2m=[0m"svc.gw.gw_sim_1" [3mrevision[0m[2m=[0m55273
[2m2026-03-24T03:59:20.160715Z[0m [34mDEBUG[0m [2mzk_infra_rs::nats_kv[0m[2m:[0m KV heartbeat [3mkey[0m[2m=[0m"svc.gw.gw_sim_1" [3mrevision[0m[2m=[0m55276
[2m2026-03-24T03:59:35.155695Z[0m [34mDEBUG[0m [2mzk_infra_rs::nats_kv[0m[2m:[0m KV heartbeat [3mkey[0m[2m=[0m"svc.gw.gw_sim_1" [3mrevision[0m[2m=[0m55280
[2m2026-03-24T03:59:50.162668Z[0m [34mDEBUG[0m [2mzk_infra_rs::nats_kv[0m[2m:[0m KV heartbeat [3mkey[0m[2m=[0m"svc.gw.gw_sim_1" [3mrevision[0m[2m=[0m55283
[2m2026-03-24T04:00:05.155703Z[0m [34mDEBUG[0m [2mzk_infra_rs::nats_kv[0m[2m:[0m KV heartbeat [3mkey[0m[2m=[0m"svc.gw.gw_sim_1" [3mrevision[0m[2m=[0m55287
[2m2026-03-24T04:00:20.159952Z[0m [34mDEBUG[0m [2mzk_infra_rs::nats_kv[0m[2m:[0m KV heartbeat [3mkey[0m[2m=[0m"svc.gw.gw_sim_1" [3mrevision[0m[2m=[0m55290
[2m2026-03-24T04:00:35.156896Z[0m [34mDEBUG[0m [2mzk_infra_rs::nats_kv[0m[2m:[0m KV heartbeat [3mkey[0m[2m=[0m"svc.gw.gw_sim_1" [3mrevision[0m[2m=[0m55294
[2m2026-03-24T04:00:50.159447Z[0m [34mDEBUG[0m [2mzk_infra_rs::nats_kv[0m[2m:[0m KV heartbeat [3mkey[0m[2m=[0m"svc.gw.gw_sim_1" [3mrevision[0m[2m=[0m55297
[2m2026-03-24T04:01:05.156755Z[0m [34mDEBUG[0m [2mzk_infra_rs::nats_kv[0m[2m:[0m KV heartbeat [3mkey[0m[2m=[0m"svc.gw.gw_sim_1" [3mrevision[0m[2m=[0m55301
[2m2026-03-24T04:01:20.159745Z[0m [34mDEBUG[0m [2mzk_infra_rs::nats_kv[0m[2m:[0m KV heartbeat [3mkey[0m[2m=[0m"svc.gw.gw_sim_1" [3mrevision[0m[2m=[0m55304
[2m2026-03-24T04:01:35.157402Z[0m [34mDEBUG[0m [2mzk_infra_rs::nats_kv[0m[2m:[0m KV heartbeat [3mkey[0m[2m=[0m"svc.gw.gw_sim_1" [3mrevision[0m[2m=[0m55308
[2m2026-03-24T04:01:50.161369Z[0m [34mDEBUG[0m [2mzk_infra_rs::nats_kv[0m[2m:[0m KV heartbeat [3mkey[0m[2m=[0m"svc.gw.gw_sim_1" [3mrevision[0m[2m=[0m55311
[2m2026-03-24T04:02:05.157276Z[0m [34mDEBUG[0m [2mzk_infra_rs::nats_kv[0m[2m:[0m KV heartbeat [3mkey[0m[2m=[0m"svc.gw.gw_sim_1" [3mrevision[0m[2m=[0m55315
[2m2026-03-24T04:02:20.159153Z[0m [34mDEBUG[0m [2mzk_infra_rs::nats_kv[0m[2m:[0m KV heartbeat [3mkey[0m[2m=[0m"svc.gw.gw_sim_1" [3mrevision[0m[2m=[0m55318
[2m2026-03-24T04:02:35.157207Z[0m [34mDEBUG[0m [2mzk_infra_rs::nats_kv[0m[2m:[0m KV heartbeat [3mkey[0m[2m=[0m"svc.gw.gw_sim_1" [3mrevision[0m[2m=[0m55322
[2m2026-03-24T04:02:50.159577Z[0m [34mDEBUG[0m [2mzk_infra_rs::nats_kv[0m[2m:[0m KV heartbeat [3mkey[0m[2m=[0m"svc.gw.gw_sim_1" [3mrevision[0m[2m=[0m55325
[2m2026-03-24T04:03:05.157656Z[0m [34mDEBUG[0m [2mzk_infra_rs::nats_kv[0m[2m:[0m KV heartbeat [3mkey[0m[2m=[0m"svc.gw.gw_sim_1" [3mrevision[0m[2m=[0m55329
[2m2026-03-24T04:03:20.156965Z[0m [34mDEBUG[0m [2mzk_infra_rs::nats_kv[0m[2m:[0m KV heartbeat [3mkey[0m[2m=[0m"svc.gw.gw_sim_1" [3mrevision[0m[2m=[0m55332
[2m2026-03-24T04:03:35.157725Z[0m [34mDEBUG[0m [2mzk_infra_rs::nats_kv[0m[2m:[0m KV heartbeat [3mkey[0m[2m=[0m"svc.gw.gw_sim_1" [3mrevision[0m[2m=[0m55336
[2m2026-03-24T04:03:50.167087Z[0m [34mDEBUG[0m [2mzk_infra_rs::nats_kv[0m[2m:[0m KV heartbeat [3mkey[0m[2m=[0m"svc.gw.gw_sim_1" [3mrevision[0m[2m=[0m55339
[2m2026-03-24T04:04:05.158076Z[0m [34mDEBUG[0m [2mzk_infra_rs::nats_kv[0m[2m:[0m KV heartbeat [3mkey[0m[2m=[0m"svc.gw.gw_sim_1" [3mrevision[0m[2m=[0m55343
[2m2026-03-24T04:04:20.160870Z[0m [34mDEBUG[0m [2mzk_infra_rs::nats_kv[0m[2m:[0m KV heartbeat [3mkey[0m[2m=[0m"svc.gw.gw_sim_1" [3mrevision[0m[2m=[0m55346
[2m2026-03-24T04:04:35.156835Z[0m [34mDEBUG[0m [2mzk_infra_rs::nats_kv[0m[2m:[0m KV heartbeat [3mkey[0m[2m=[0m"svc.gw.gw_sim_1" [3mrevision[0m[2m=[0m55350
[2m2026-03-24T04:04:50.158594Z[0m [34mDEBUG[0m [2mzk_infra_rs::nats_kv[0m[2m:[0m KV heartbeat [3mkey[0m[2m=[0m"svc.gw.gw_sim_1" [3mrevision[0m[2m=[0m55353
[2m2026-03-24T04:05:05.157445Z[0m [34mDEBUG[0m [2mzk_infra_rs::nats_kv[0m[2m:[0m KV heartbeat [3mkey[0m[2m=[0m"svc.gw.gw_sim_1" [3mrevision[0m[2m=[0m55357
[2m2026-03-24T04:05:20.159059Z[0m [34mDEBUG[0m [2mzk_infra_rs::nats_kv[0m[2m:[0m KV heartbeat [3mkey[0m[2m=[0m"svc.gw.gw_sim_1" [3mrevision[0m[2m=[0m55360
[2m2026-03-24T04:05:35.157077Z[0m [34mDEBUG[0m [2mzk_infra_rs::nats_kv[0m[2m:[0m KV heartbeat [3mkey[0m[2m=[0m"svc.gw.gw_sim_1" [3mrevision[0m[2m=[0m55364
[2m2026-03-24T04:05:50.158085Z[0m [34mDEBUG[0m [2mzk_infra_rs::nats_kv[0m[2m:[0m KV heartbeat [3mkey[0m[2m=[0m"svc.gw.gw_sim_1" [3mrevision[0m[2m=[0m55367
[2m2026-03-24T04:06:05.157820Z[0m [34mDEBUG[0m [2mzk_infra_rs::nats_kv[0m[2m:[0m KV heartbeat [3mkey[0m[2m=[0m"svc.gw.gw_sim_1" [3mrevision[0m[2m=[0m55371
[2m2026-03-24T04:06:20.160789Z[0m [34mDEBUG[0m [2mzk_infra_rs::nats_kv[0m[2m:[0m KV heartbeat [3mkey[0m[2m=[0m"svc.gw.gw_sim_1" [3mrevision[0m[2m=[0m55374
[2m2026-03-24T04:06:35.158625Z[0m [34mDEBUG[0m [2mzk_infra_rs::nats_kv[0m[2m:[0m KV heartbeat [3mkey[0m[2m=[0m"svc.gw.gw_sim_1" [3mrevision[0m[2m=[0m55378
[2m2026-03-24T04:06:50.163593Z[0m [34mDEBUG[0m [2mzk_infra_rs::nats_kv[0m[2m:[0m KV heartbeat [3mkey[0m[2m=[0m"svc.gw.gw_sim_1" [3mrevision[0m[2m=[0m55381
[2m2026-03-24T04:07:05.158129Z[0m [34mDEBUG[0m [2mzk_infra_rs::nats_kv[0m[2m:[0m KV heartbeat [3mkey[0m[2m=[0m"svc.gw.gw_sim_1" [3mrevision[0m[2m=[0m55385
[2m2026-03-24T04:07:20.163734Z[0m [34mDEBUG[0m [2mzk_infra_rs::nats_kv[0m[2m:[0m KV heartbeat [3mkey[0m[2m=[0m"svc.gw.gw_sim_1" [3mrevision[0m[2m=[0m55388
[2m2026-03-24T04:07:35.159916Z[0m [34mDEBUG[0m [2mzk_infra_rs::nats_kv[0m[2m:[0m KV heartbeat [3mkey[0m[2m=[0m"svc.gw.gw_sim_1" [3mrevision[0m[2m=[0m55392
[2m2026-03-24T04:07:50.158841Z[0m [34mDEBUG[0m [2mzk_infra_rs::nats_kv[0m[2m:[0m KV heartbeat [3mkey[0m[2m=[0m"svc.gw.gw_sim_1" [3mrevision[0m[2m=[0m55395
[2m2026-03-24T04:08:05.159783Z[0m [34mDEBUG[0m [2mzk_infra_rs::nats_kv[0m[2m:[0m KV heartbeat [3mkey[0m[2m=[0m"svc.gw.gw_sim_1" [3mrevision[0m[2m=[0m55399
[2m2026-03-24T04:08:20.160628Z[0m [34mDEBUG[0m [2mzk_infra_rs::nats_kv[0m[2m:[0m KV heartbeat [3mkey[0m[2m=[0m"svc.gw.gw_sim_1" [3mrevision[0m[2m=[0m55402
[2m2026-03-24T04:08:35.158999Z[0m [34mDEBUG[0m [2mzk_infra_rs::nats_kv[0m[2m:[0m KV heartbeat [3mkey[0m[2m=[0m"svc.gw.gw_sim_1" [3mrevision[0m[2m=[0m55406
[2m2026-03-24T04:08:50.159849Z[0m [34mDEBUG[0m [2mzk_infra_rs::nats_kv[0m[2m:[0m KV heartbeat [3mkey[0m[2m=[0m"svc.gw.gw_sim_1" [3mrevision[0m[2m=[0m55409
[2m2026-03-24T04:09:05.160353Z[0m [34mDEBUG[0m [2mzk_infra_rs::nats_kv[0m[2m:[0m KV heartbeat [3mkey[0m[2m=[0m"svc.gw.gw_sim_1" [3mrevision[0m[2m=[0m55413
[2m2026-03-24T04:09:20.159723Z[0m [34mDEBUG[0m [2mzk_infra_rs::nats_kv[0m[2m:[0m KV heartbeat [3mkey[0m[2m=[0m"svc.gw.gw_sim_1" [3mrevision[0m[2m=[0m55416
[2m2026-03-24T04:09:35.159227Z[0m [34mDEBUG[0m [2mzk_infra_rs::nats_kv[0m[2m:[0m KV heartbeat [3mkey[0m[2m=[0m"svc.gw.gw_sim_1" [3mrevision[0m[2m=[0m55420
[2m2026-03-24T04:09:50.159937Z[0m [34mDEBUG[0m [2mzk_infra_rs::nats_kv[0m[2m:[0m KV heartbeat [3mkey[0m[2m=[0m"svc.gw.gw_sim_1" [3mrevision[0m[2m=[0m55423
[2m2026-03-24T04:10:05.160432Z[0m [34mDEBUG[0m [2mzk_infra_rs::nats_kv[0m[2m:[0m KV heartbeat [3mkey[0m[2m=[0m"svc.gw.gw_sim_1" [3mrevision[0m[2m=[0m55427
[2m2026-03-24T04:10:20.163621Z[0m [34mDEBUG[0m [2mzk_infra_rs::nats_kv[0m[2m:[0m KV heartbeat [3mkey[0m[2m=[0m"svc.gw.gw_sim_1" [3mrevision[0m[2m=[0m55430
[2m2026-03-24T04:10:35.160007Z[0m [34mDEBUG[0m [2mzk_infra_rs::nats_kv[0m[2m:[0m KV heartbeat [3mkey[0m[2m=[0m"svc.gw.gw_sim_1" [3mrevision[0m[2m=[0m55434
[2m2026-03-24T04:10:50.159268Z[0m [34mDEBUG[0m [2mzk_infra_rs::nats_kv[0m[2m:[0m KV heartbeat [3mkey[0m[2m=[0m"svc.gw.gw_sim_1" [3mrevision[0m[2m=[0m55437
[2m2026-03-24T04:11:05.161725Z[0m [34mDEBUG[0m [2mzk_infra_rs::nats_kv[0m[2m:[0m KV heartbeat [3mkey[0m[2m=[0m"svc.gw.gw_sim_1" [3mrevision[0m[2m=[0m55441
[2m2026-03-24T04:11:20.162001Z[0m [34mDEBUG[0m [2mzk_infra_rs::nats_kv[0m[2m:[0m KV heartbeat [3mkey[0m[2m=[0m"svc.gw.gw_sim_1" [3mrevision[0m[2m=[0m55444
[2m2026-03-24T04:11:35.160228Z[0m [34mDEBUG[0m [2mzk_infra_rs::nats_kv[0m[2m:[0m KV heartbeat [3mkey[0m[2m=[0m"svc.gw.gw_sim_1" [3mrevision[0m[2m=[0m55448
[2m2026-03-24T04:11:50.163485Z[0m [34mDEBUG[0m [2mzk_infra_rs::nats_kv[0m[2m:[0m KV heartbeat [3mkey[0m[2m=[0m"svc.gw.gw_sim_1" [3mrevision[0m[2m=[0m55451
[2m2026-03-24T04:12:05.160176Z[0m [34mDEBUG[0m [2mzk_infra_rs::nats_kv[0m[2m:[0m KV heartbeat [3mkey[0m[2m=[0m"svc.gw.gw_sim_1" [3mrevision[0m[2m=[0m55455
[2m2026-03-24T04:12:20.160472Z[0m [34mDEBUG[0m [2mzk_infra_rs::nats_kv[0m[2m:[0m KV heartbeat [3mkey[0m[2m=[0m"svc.gw.gw_sim_1" [3mrevision[0m[2m=[0m55458
[2m2026-03-24T04:12:35.159751Z[0m [34mDEBUG[0m [2mzk_infra_rs::nats_kv[0m[2m:[0m KV heartbeat [3mkey[0m[2m=[0m"svc.gw.gw_sim_1" [3mrevision[0m[2m=[0m55462
[2m2026-03-24T04:12:50.162614Z[0m [34mDEBUG[0m [2mzk_infra_rs::nats_kv[0m[2m:[0m KV heartbeat [3mkey[0m[2m=[0m"svc.gw.gw_sim_1" [3mrevision[0m[2m=[0m55465
[2m2026-03-24T04:13:05.161003Z[0m [34mDEBUG[0m [2mzk_infra_rs::nats_kv[0m[2m:[0m KV heartbeat [3mkey[0m[2m=[0m"svc.gw.gw_sim_1" [3mrevision[0m[2m=[0m55469
[2m2026-03-24T04:13:20.162665Z[0m [34mDEBUG[0m [2mzk_infra_rs::nats_kv[0m[2m:[0m KV heartbeat [3mkey[0m[2m=[0m"svc.gw.gw_sim_1" [3mrevision[0m[2m=[0m55472
[2m2026-03-24T04:13:35.160610Z[0m [34mDEBUG[0m [2mzk_infra_rs::nats_kv[0m[2m:[0m KV heartbeat [3mkey[0m[2m=[0m"svc.gw.gw_sim_1" [3mrevision[0m[2m=[0m55476
[2m2026-03-24T04:13:50.161480Z[0m [34mDEBUG[0m [2mzk_infra_rs::nats_kv[0m[2m:[0m KV heartbeat [3mkey[0m[2m=[0m"svc.gw.gw_sim_1" [3mrevision[0m[2m=[0m55479
[2m2026-03-24T04:14:05.161362Z[0m [34mDEBUG[0m [2mzk_infra_rs::nats_kv[0m[2m:[0m KV heartbeat [3mkey[0m[2m=[0m"svc.gw.gw_sim_1" [3mrevision[0m[2m=[0m55483
[2m2026-03-24T04:14:20.160281Z[0m [34mDEBUG[0m [2mzk_infra_rs::nats_kv[0m[2m:[0m KV heartbeat [3mkey[0m[2m=[0m"svc.gw.gw_sim_1" [3mrevision[0m[2m=[0m55486
[2m2026-03-24T04:14:35.161614Z[0m [34mDEBUG[0m [2mzk_infra_rs::nats_kv[0m[2m:[0m KV heartbeat [3mkey[0m[2m=[0m"svc.gw.gw_sim_1" [3mrevision[0m[2m=[0m55490
[2m2026-03-24T04:14:50.163226Z[0m [34mDEBUG[0m [2mzk_infra_rs::nats_kv[0m[2m:[0m KV heartbeat [3mkey[0m[2m=[0m"svc.gw.gw_sim_1" [3mrevision[0m[2m=[0m55493
[2m2026-03-24T04:15:05.161010Z[0m [34mDEBUG[0m [2mzk_infra_rs::nats_kv[0m[2m:[0m KV heartbeat [3mkey[0m[2m=[0m"svc.gw.gw_sim_1" [3mrevision[0m[2m=[0m55497
[2m2026-03-24T04:15:20.159675Z[0m [34mDEBUG[0m [2mzk_infra_rs::nats_kv[0m[2m:[0m KV heartbeat [3mkey[0m[2m=[0m"svc.gw.gw_sim_1" [3mrevision[0m[2m=[0m55500
[2m2026-03-24T04:15:35.160336Z[0m [34mDEBUG[0m [2mzk_infra_rs::nats_kv[0m[2m:[0m KV heartbeat [3mkey[0m[2m=[0m"svc.gw.gw_sim_1" [3mrevision[0m[2m=[0m55504
[2m2026-03-24T04:15:50.160221Z[0m [34mDEBUG[0m [2mzk_infra_rs::nats_kv[0m[2m:[0m KV heartbeat [3mkey[0m[2m=[0m"svc.gw.gw_sim_1" [3mrevision[0m[2m=[0m55507
[2m2026-03-24T04:16:05.159971Z[0m [34mDEBUG[0m [2mzk_infra_rs::nats_kv[0m[2m:[0m KV heartbeat [3mkey[0m[2m=[0m"svc.gw.gw_sim_1" [3mrevision[0m[2m=[0m55511
[2m2026-03-24T04:16:20.160887Z[0m [34mDEBUG[0m [2mzk_infra_rs::nats_kv[0m[2m:[0m KV heartbeat [3mkey[0m[2m=[0m"svc.gw.gw_sim_1" [3mrevision[0m[2m=[0m55514
[2m2026-03-24T04:16:35.159536Z[0m [34mDEBUG[0m [2mzk_infra_rs::nats_kv[0m[2m:[0m KV heartbeat [3mkey[0m[2m=[0m"svc.gw.gw_sim_1" [3mrevision[0m[2m=[0m55518
[2m2026-03-24T04:16:50.161642Z[0m [34mDEBUG[0m [2mzk_infra_rs::nats_kv[0m[2m:[0m KV heartbeat [3mkey[0m[2m=[0m"svc.gw.gw_sim_1" [3mrevision[0m[2m=[0m55521
[2m2026-03-24T04:17:05.162355Z[0m [34mDEBUG[0m [2mzk_infra_rs::nats_kv[0m[2m:[0m KV heartbeat [3mkey[0m[2m=[0m"svc.gw.gw_sim_1" [3mrevision[0m[2m=[0m55525
[2m2026-03-24T04:17:20.159580Z[0m [34mDEBUG[0m [2mzk_infra_rs::nats_kv[0m[2m:[0m KV heartbeat [3mkey[0m[2m=[0m"svc.gw.gw_sim_1" [3mrevision[0m[2m=[0m55528
[2m2026-03-24T04:17:35.162609Z[0m [34mDEBUG[0m [2mzk_infra_rs::nats_kv[0m[2m:[0m KV heartbeat [3mkey[0m[2m=[0m"svc.gw.gw_sim_1" [3mrevision[0m[2m=[0m55532
[2m2026-03-24T04:17:50.161010Z[0m [34mDEBUG[0m [2mzk_infra_rs::nats_kv[0m[2m:[0m KV heartbeat [3mkey[0m[2m=[0m"svc.gw.gw_sim_1" [3mrevision[0m[2m=[0m55535
[2m2026-03-24T04:18:05.162904Z[0m [34mDEBUG[0m [2mzk_infra_rs::nats_kv[0m[2m:[0m KV heartbeat [3mkey[0m[2m=[0m"svc.gw.gw_sim_1" [3mrevision[0m[2m=[0m55539
[2m2026-03-24T04:18:20.163057Z[0m [34mDEBUG[0m [2mzk_infra_rs::nats_kv[0m[2m:[0m KV heartbeat [3mkey[0m[2m=[0m"svc.gw.gw_sim_1" [3mrevision[0m[2m=[0m55542
[2m2026-03-24T04:18:35.184486Z[0m [34mDEBUG[0m [2mzk_infra_rs::nats_kv[0m[2m:[0m KV heartbeat [3mkey[0m[2m=[0m"svc.gw.gw_sim_1" [3mrevision[0m[2m=[0m55546
[2m2026-03-24T04:18:50.162847Z[0m [34mDEBUG[0m [2mzk_infra_rs::nats_kv[0m[2m:[0m KV heartbeat [3mkey[0m[2m=[0m"svc.gw.gw_sim_1" [3mrevision[0m[2m=[0m55549
[2m2026-03-24T04:19:05.161314Z[0m [34mDEBUG[0m [2mzk_infra_rs::nats_kv[0m[2m:[0m KV heartbeat [3mkey[0m[2m=[0m"svc.gw.gw_sim_1" [3mrevision[0m[2m=[0m55553
[2m2026-03-24T04:19:20.162953Z[0m [34mDEBUG[0m [2mzk_infra_rs::nats_kv[0m[2m:[0m KV heartbeat [3mkey[0m[2m=[0m"svc.gw.gw_sim_1" [3mrevision[0m[2m=[0m55556
[2m2026-03-24T04:19:35.161620Z[0m [34mDEBUG[0m [2mzk_infra_rs::nats_kv[0m[2m:[0m KV heartbeat [3mkey[0m[2m=[0m"svc.gw.gw_sim_1" [3mrevision[0m[2m=[0m55560
[2m2026-03-24T04:19:50.160663Z[0m [34mDEBUG[0m [2mzk_infra_rs::nats_kv[0m[2m:[0m KV heartbeat [3mkey[0m[2m=[0m"svc.gw.gw_sim_1" [3mrevision[0m[2m=[0m55563
[2m2026-03-24T04:20:05.162043Z[0m [34mDEBUG[0m [2mzk_infra_rs::nats_kv[0m[2m:[0m KV heartbeat [3mkey[0m[2m=[0m"svc.gw.gw_sim_1" [3mrevision[0m[2m=[0m55567
[2m2026-03-24T04:20:20.160750Z[0m [34mDEBUG[0m [2mzk_infra_rs::nats_kv[0m[2m:[0m KV heartbeat [3mkey[0m[2m=[0m"svc.gw.gw_sim_1" [3mrevision[0m[2m=[0m55570
[2m2026-03-24T04:20:35.161892Z[0m [34mDEBUG[0m [2mzk_infra_rs::nats_kv[0m[2m:[0m KV heartbeat [3mkey[0m[2m=[0m"svc.gw.gw_sim_1" [3mrevision[0m[2m=[0m55574
[2m2026-03-24T04:20:50.161088Z[0m [34mDEBUG[0m [2mzk_infra_rs::nats_kv[0m[2m:[0m KV heartbeat [3mkey[0m[2m=[0m"svc.gw.gw_sim_1" [3mrevision[0m[2m=[0m55577
[2m2026-03-24T04:21:05.161915Z[0m [34mDEBUG[0m [2mzk_infra_rs::nats_kv[0m[2m:[0m KV heartbeat [3mkey[0m[2m=[0m"svc.gw.gw_sim_1" [3mrevision[0m[2m=[0m55581
[2m2026-03-24T04:21:20.160716Z[0m [34mDEBUG[0m [2mzk_infra_rs::nats_kv[0m[2m:[0m KV heartbeat [3mkey[0m[2m=[0m"svc.gw.gw_sim_1" [3mrevision[0m[2m=[0m55584
[2m2026-03-24T04:21:35.162783Z[0m [34mDEBUG[0m [2mzk_infra_rs::nats_kv[0m[2m:[0m KV heartbeat [3mkey[0m[2m=[0m"svc.gw.gw_sim_1" [3mrevision[0m[2m=[0m55588
[2m2026-03-24T04:21:50.164032Z[0m [34mDEBUG[0m [2mzk_infra_rs::nats_kv[0m[2m:[0m KV heartbeat [3mkey[0m[2m=[0m"svc.gw.gw_sim_1" [3mrevision[0m[2m=[0m55591
[2m2026-03-24T04:22:05.161246Z[0m [34mDEBUG[0m [2mzk_infra_rs::nats_kv[0m[2m:[0m KV heartbeat [3mkey[0m[2m=[0m"svc.gw.gw_sim_1" [3mrevision[0m[2m=[0m55595
[2m2026-03-24T04:22:20.162795Z[0m [34mDEBUG[0m [2mzk_infra_rs::nats_kv[0m[2m:[0m KV heartbeat [3mkey[0m[2m=[0m"svc.gw.gw_sim_1" [3mrevision[0m[2m=[0m55598
[2m2026-03-24T04:22:35.161641Z[0m [34mDEBUG[0m [2mzk_infra_rs::nats_kv[0m[2m:[0m KV heartbeat [3mkey[0m[2m=[0m"svc.gw.gw_sim_1" [3mrevision[0m[2m=[0m55602
[2m2026-03-24T04:22:50.162000Z[0m [34mDEBUG[0m [2mzk_infra_rs::nats_kv[0m[2m:[0m KV heartbeat [3mkey[0m[2m=[0m"svc.gw.gw_sim_1" [3mrevision[0m[2m=[0m55605
[2m2026-03-24T04:23:05.162722Z[0m [34mDEBUG[0m [2mzk_infra_rs::nats_kv[0m[2m:[0m KV heartbeat [3mkey[0m[2m=[0m"svc.gw.gw_sim_1" [3mrevision[0m[2m=[0m55609
[2m2026-03-24T04:23:20.162356Z[0m [34mDEBUG[0m [2mzk_infra_rs::nats_kv[0m[2m:[0m KV heartbeat [3mkey[0m[2m=[0m"svc.gw.gw_sim_1" [3mrevision[0m[2m=[0m55612
[2m2026-03-24T04:23:35.162744Z[0m [34mDEBUG[0m [2mzk_infra_rs::nats_kv[0m[2m:[0m KV heartbeat [3mkey[0m[2m=[0m"svc.gw.gw_sim_1" [3mrevision[0m[2m=[0m55616
[2m2026-03-24T04:23:50.167417Z[0m [34mDEBUG[0m [2mzk_infra_rs::nats_kv[0m[2m:[0m KV heartbeat [3mkey[0m[2m=[0m"svc.gw.gw_sim_1" [3mrevision[0m[2m=[0m55619
[2m2026-03-24T04:24:05.167736Z[0m [34mDEBUG[0m [2mzk_infra_rs::nats_kv[0m[2m:[0m KV heartbeat [3mkey[0m[2m=[0m"svc.gw.gw_sim_1" [3mrevision[0m[2m=[0m55623
[2m2026-03-24T04:24:20.162143Z[0m [34mDEBUG[0m [2mzk_infra_rs::nats_kv[0m[2m:[0m KV heartbeat [3mkey[0m[2m=[0m"svc.gw.gw_sim_1" [3mrevision[0m[2m=[0m55626
[2m2026-03-24T04:24:35.163063Z[0m [34mDEBUG[0m [2mzk_infra_rs::nats_kv[0m[2m:[0m KV heartbeat [3mkey[0m[2m=[0m"svc.gw.gw_sim_1" [3mrevision[0m[2m=[0m55630
[2m2026-03-24T04:24:50.163312Z[0m [34mDEBUG[0m [2mzk_infra_rs::nats_kv[0m[2m:[0m KV heartbeat [3mkey[0m[2m=[0m"svc.gw.gw_sim_1" [3mrevision[0m[2m=[0m55633
[2m2026-03-24T04:25:05.163086Z[0m [34mDEBUG[0m [2mzk_infra_rs::nats_kv[0m[2m:[0m KV heartbeat [3mkey[0m[2m=[0m"svc.gw.gw_sim_1" [3mrevision[0m[2m=[0m55637
[2m2026-03-24T04:25:20.163289Z[0m [34mDEBUG[0m [2mzk_infra_rs::nats_kv[0m[2m:[0m KV heartbeat [3mkey[0m[2m=[0m"svc.gw.gw_sim_1" [3mrevision[0m[2m=[0m55640
[2m2026-03-24T04:25:35.162827Z[0m [34mDEBUG[0m [2mzk_infra_rs::nats_kv[0m[2m:[0m KV heartbeat [3mkey[0m[2m=[0m"svc.gw.gw_sim_1" [3mrevision[0m[2m=[0m55644
[2m2026-03-24T04:25:50.218973Z[0m [34mDEBUG[0m [2mzk_infra_rs::nats_kv[0m[2m:[0m KV heartbeat [3mkey[0m[2m=[0m"svc.gw.gw_sim_1" [3mrevision[0m[2m=[0m55647
[2m2026-03-24T04:26:05.163426Z[0m [34mDEBUG[0m [2mzk_infra_rs::nats_kv[0m[2m:[0m KV heartbeat [3mkey[0m[2m=[0m"svc.gw.gw_sim_1" [3mrevision[0m[2m=[0m55651
[2m2026-03-24T04:26:20.163530Z[0m [34mDEBUG[0m [2mzk_infra_rs::nats_kv[0m[2m:[0m KV heartbeat [3mkey[0m[2m=[0m"svc.gw.gw_sim_1" [3mrevision[0m[2m=[0m55654
[2m2026-03-24T04:26:35.163147Z[0m [34mDEBUG[0m [2mzk_infra_rs::nats_kv[0m[2m:[0m KV heartbeat [3mkey[0m[2m=[0m"svc.gw.gw_sim_1" [3mrevision[0m[2m=[0m55658
[2m2026-03-24T04:26:50.162574Z[0m [34mDEBUG[0m [2mzk_infra_rs::nats_kv[0m[2m:[0m KV heartbeat [3mkey[0m[2m=[0m"svc.gw.gw_sim_1" [3mrevision[0m[2m=[0m55661
[2m2026-03-24T04:27:05.164132Z[0m [34mDEBUG[0m [2mzk_infra_rs::nats_kv[0m[2m:[0m KV heartbeat [3mkey[0m[2m=[0m"svc.gw.gw_sim_1" [3mrevision[0m[2m=[0m55665
[2m2026-03-24T04:27:20.163873Z[0m [34mDEBUG[0m [2mzk_infra_rs::nats_kv[0m[2m:[0m KV heartbeat [3mkey[0m[2m=[0m"svc.gw.gw_sim_1" [3mrevision[0m[2m=[0m55668
[2m2026-03-24T04:27:35.165680Z[0m [34mDEBUG[0m [2mzk_infra_rs::nats_kv[0m[2m:[0m KV heartbeat [3mkey[0m[2m=[0m"svc.gw.gw_sim_1" [3mrevision[0m[2m=[0m55672
[2m2026-03-24T04:27:50.164527Z[0m [34mDEBUG[0m [2mzk_infra_rs::nats_kv[0m[2m:[0m KV heartbeat [3mkey[0m[2m=[0m"svc.gw.gw_sim_1" [3mrevision[0m[2m=[0m55675
[2m2026-03-24T04:28:05.163823Z[0m [34mDEBUG[0m [2mzk_infra_rs::nats_kv[0m[2m:[0m KV heartbeat [3mkey[0m[2m=[0m"svc.gw.gw_sim_1" [3mrevision[0m[2m=[0m55679
[2m2026-03-24T04:28:20.165428Z[0m [34mDEBUG[0m [2mzk_infra_rs::nats_kv[0m[2m:[0m KV heartbeat [3mkey[0m[2m=[0m"svc.gw.gw_sim_1" [3mrevision[0m[2m=[0m55682
[2m2026-03-24T04:28:35.164696Z[0m [34mDEBUG[0m [2mzk_infra_rs::nats_kv[0m[2m:[0m KV heartbeat [3mkey[0m[2m=[0m"svc.gw.gw_sim_1" [3mrevision[0m[2m=[0m55686
[2m2026-03-24T04:28:50.249549Z[0m [34mDEBUG[0m [2mzk_infra_rs::nats_kv[0m[2m:[0m KV heartbeat [3mkey[0m[2m=[0m"svc.gw.gw_sim_1" [3mrevision[0m[2m=[0m55689
[2m2026-03-24T04:29:05.163806Z[0m [34mDEBUG[0m [2mzk_infra_rs::nats_kv[0m[2m:[0m KV heartbeat [3mkey[0m[2m=[0m"svc.gw.gw_sim_1" [3mrevision[0m[2m=[0m55693
[2m2026-03-24T04:29:20.165271Z[0m [34mDEBUG[0m [2mzk_infra_rs::nats_kv[0m[2m:[0m KV heartbeat [3mkey[0m[2m=[0m"svc.gw.gw_sim_1" [3mrevision[0m[2m=[0m55696
[2m2026-03-24T04:29:35.164129Z[0m [34mDEBUG[0m [2mzk_infra_rs::nats_kv[0m[2m:[0m KV heartbeat [3mkey[0m[2m=[0m"svc.gw.gw_sim_1" [3mrevision[0m[2m=[0m55700
[2m2026-03-24T04:29:50.164032Z[0m [34mDEBUG[0m [2mzk_infra_rs::nats_kv[0m[2m:[0m KV heartbeat [3mkey[0m[2m=[0m"svc.gw.gw_sim_1" [3mrevision[0m[2m=[0m55703
[2m2026-03-24T04:30:05.165491Z[0m [34mDEBUG[0m [2mzk_infra_rs::nats_kv[0m[2m:[0m KV heartbeat [3mkey[0m[2m=[0m"svc.gw.gw_sim_1" [3mrevision[0m[2m=[0m55707
[2m2026-03-24T04:30:20.164686Z[0m [34mDEBUG[0m [2mzk_infra_rs::nats_kv[0m[2m:[0m KV heartbeat [3mkey[0m[2m=[0m"svc.gw.gw_sim_1" [3mrevision[0m[2m=[0m55710
[2m2026-03-24T04:30:35.164944Z[0m [34mDEBUG[0m [2mzk_infra_rs::nats_kv[0m[2m:[0m KV heartbeat [3mkey[0m[2m=[0m"svc.gw.gw_sim_1" [3mrevision[0m[2m=[0m55714
[2m2026-03-24T04:30:50.164019Z[0m [34mDEBUG[0m [2mzk_infra_rs::nats_kv[0m[2m:[0m KV heartbeat [3mkey[0m[2m=[0m"svc.gw.gw_sim_1" [3mrevision[0m[2m=[0m55717
[2m2026-03-24T04:31:05.164903Z[0m [34mDEBUG[0m [2mzk_infra_rs::nats_kv[0m[2m:[0m KV heartbeat [3mkey[0m[2m=[0m"svc.gw.gw_sim_1" [3mrevision[0m[2m=[0m55721
[2m2026-03-24T04:31:20.163870Z[0m [34mDEBUG[0m [2mzk_infra_rs::nats_kv[0m[2m:[0m KV heartbeat [3mkey[0m[2m=[0m"svc.gw.gw_sim_1" [3mrevision[0m[2m=[0m55724
[2m2026-03-24T04:31:35.165676Z[0m [34mDEBUG[0m [2mzk_infra_rs::nats_kv[0m[2m:[0m KV heartbeat [3mkey[0m[2m=[0m"svc.gw.gw_sim_1" [3mrevision[0m[2m=[0m55728
[2m2026-03-24T04:31:50.165399Z[0m [34mDEBUG[0m [2mzk_infra_rs::nats_kv[0m[2m:[0m KV heartbeat [3mkey[0m[2m=[0m"svc.gw.gw_sim_1" [3mrevision[0m[2m=[0m55731
[2m2026-03-24T04:32:05.166268Z[0m [34mDEBUG[0m [2mzk_infra_rs::nats_kv[0m[2m:[0m KV heartbeat [3mkey[0m[2m=[0m"svc.gw.gw_sim_1" [3mrevision[0m[2m=[0m55735
[2m2026-03-24T04:32:20.166057Z[0m [34mDEBUG[0m [2mzk_infra_rs::nats_kv[0m[2m:[0m KV heartbeat [3mkey[0m[2m=[0m"svc.gw.gw_sim_1" [3mrevision[0m[2m=[0m55738
[2m2026-03-24T04:32:35.164920Z[0m [34mDEBUG[0m [2mzk_infra_rs::nats_kv[0m[2m:[0m KV heartbeat [3mkey[0m[2m=[0m"svc.gw.gw_sim_1" [3mrevision[0m[2m=[0m55742
[2m2026-03-24T04:32:50.168443Z[0m [34mDEBUG[0m [2mzk_infra_rs::nats_kv[0m[2m:[0m KV heartbeat [3mkey[0m[2m=[0m"svc.gw.gw_sim_1" [3mrevision[0m[2m=[0m55745
[2m2026-03-24T04:33:05.167253Z[0m [34mDEBUG[0m [2mzk_infra_rs::nats_kv[0m[2m:[0m KV heartbeat [3mkey[0m[2m=[0m"svc.gw.gw_sim_1" [3mrevision[0m[2m=[0m55749
[2m2026-03-24T04:33:20.167991Z[0m [34mDEBUG[0m [2mzk_infra_rs::nats_kv[0m[2m:[0m KV heartbeat [3mkey[0m[2m=[0m"svc.gw.gw_sim_1" [3mrevision[0m[2m=[0m55752
[2m2026-03-24T04:33:35.165970Z[0m [34mDEBUG[0m [2mzk_infra_rs::nats_kv[0m[2m:[0m KV heartbeat [3mkey[0m[2m=[0m"svc.gw.gw_sim_1" [3mrevision[0m[2m=[0m55756
[2m2026-03-24T04:33:50.165574Z[0m [34mDEBUG[0m [2mzk_infra_rs::nats_kv[0m[2m:[0m KV heartbeat [3mkey[0m[2m=[0m"svc.gw.gw_sim_1" [3mrevision[0m[2m=[0m55759
[2m2026-03-24T04:34:05.219327Z[0m [34mDEBUG[0m [2mzk_infra_rs::nats_kv[0m[2m:[0m KV heartbeat [3mkey[0m[2m=[0m"svc.gw.gw_sim_1" [3mrevision[0m[2m=[0m55763
[2m2026-03-24T04:34:20.222184Z[0m [34mDEBUG[0m [2mzk_infra_rs::nats_kv[0m[2m:[0m KV heartbeat [3mkey[0m[2m=[0m"svc.gw.gw_sim_1" [3mrevision[0m[2m=[0m55766
[2m2026-03-24T04:34:35.167618Z[0m [34mDEBUG[0m [2mzk_infra_rs::nats_kv[0m[2m:[0m KV heartbeat [3mkey[0m[2m=[0m"svc.gw.gw_sim_1" [3mrevision[0m[2m=[0m55770
[2m2026-03-24T04:34:50.166064Z[0m [34mDEBUG[0m [2mzk_infra_rs::nats_kv[0m[2m:[0m KV heartbeat [3mkey[0m[2m=[0m"svc.gw.gw_sim_1" [3mrevision[0m[2m=[0m55773
[2m2026-03-24T04:35:05.165467Z[0m [34mDEBUG[0m [2mzk_infra_rs::nats_kv[0m[2m:[0m KV heartbeat [3mkey[0m[2m=[0m"svc.gw.gw_sim_1" [3mrevision[0m[2m=[0m55777
[2m2026-03-24T04:35:20.166052Z[0m [34mDEBUG[0m [2mzk_infra_rs::nats_kv[0m[2m:[0m KV heartbeat [3mkey[0m[2m=[0m"svc.gw.gw_sim_1" [3mrevision[0m[2m=[0m55780
[2m2026-03-24T04:35:35.167081Z[0m [34mDEBUG[0m [2mzk_infra_rs::nats_kv[0m[2m:[0m KV heartbeat [3mkey[0m[2m=[0m"svc.gw.gw_sim_1" [3mrevision[0m[2m=[0m55784
[2m2026-03-24T04:35:50.166641Z[0m [34mDEBUG[0m [2mzk_infra_rs::nats_kv[0m[2m:[0m KV heartbeat [3mkey[0m[2m=[0m"svc.gw.gw_sim_1" [3mrevision[0m[2m=[0m55787
[2m2026-03-24T04:36:05.166373Z[0m [34mDEBUG[0m [2mzk_infra_rs::nats_kv[0m[2m:[0m KV heartbeat [3mkey[0m[2m=[0m"svc.gw.gw_sim_1" [3mrevision[0m[2m=[0m55791
[2m2026-03-24T04:36:20.168866Z[0m [34mDEBUG[0m [2mzk_infra_rs::nats_kv[0m[2m:[0m KV heartbeat [3mkey[0m[2m=[0m"svc.gw.gw_sim_1" [3mrevision[0m[2m=[0m55794
[2m2026-03-24T04:36:35.185705Z[0m [34mDEBUG[0m [2mzk_infra_rs::nats_kv[0m[2m:[0m KV heartbeat [3mkey[0m[2m=[0m"svc.gw.gw_sim_1" [3mrevision[0m[2m=[0m55798
[2m2026-03-24T04:36:50.167307Z[0m [34mDEBUG[0m [2mzk_infra_rs::nats_kv[0m[2m:[0m KV heartbeat [3mkey[0m[2m=[0m"svc.gw.gw_sim_1" [3mrevision[0m[2m=[0m55801
[2m2026-03-24T04:37:05.168252Z[0m [34mDEBUG[0m [2mzk_infra_rs::nats_kv[0m[2m:[0m KV heartbeat [3mkey[0m[2m=[0m"svc.gw.gw_sim_1" [3mrevision[0m[2m=[0m55805
[2m2026-03-24T04:37:20.167362Z[0m [34mDEBUG[0m [2mzk_infra_rs::nats_kv[0m[2m:[0m KV heartbeat [3mkey[0m[2m=[0m"svc.gw.gw_sim_1" [3mrevision[0m[2m=[0m55808
[2m2026-03-24T04:37:35.169411Z[0m [34mDEBUG[0m [2mzk_infra_rs::nats_kv[0m[2m:[0m KV heartbeat [3mkey[0m[2m=[0m"svc.gw.gw_sim_1" [3mrevision[0m[2m=[0m55812
[2m2026-03-24T04:37:50.166651Z[0m [34mDEBUG[0m [2mzk_infra_rs::nats_kv[0m[2m:[0m KV heartbeat [3mkey[0m[2m=[0m"svc.gw.gw_sim_1" [3mrevision[0m[2m=[0m55815
[2m2026-03-24T04:38:05.169932Z[0m [34mDEBUG[0m [2mzk_infra_rs::nats_kv[0m[2m:[0m KV heartbeat [3mkey[0m[2m=[0m"svc.gw.gw_sim_1" [3mrevision[0m[2m=[0m55819
[2m2026-03-24T04:38:20.166535Z[0m [34mDEBUG[0m [2mzk_infra_rs::nats_kv[0m[2m:[0m KV heartbeat [3mkey[0m[2m=[0m"svc.gw.gw_sim_1" [3mrevision[0m[2m=[0m55822
[2m2026-03-24T04:38:35.166952Z[0m [34mDEBUG[0m [2mzk_infra_rs::nats_kv[0m[2m:[0m KV heartbeat [3mkey[0m[2m=[0m"svc.gw.gw_sim_1" [3mrevision[0m[2m=[0m55826
[2m2026-03-24T04:38:50.166548Z[0m [34mDEBUG[0m [2mzk_infra_rs::nats_kv[0m[2m:[0m KV heartbeat [3mkey[0m[2m=[0m"svc.gw.gw_sim_1" [3mrevision[0m[2m=[0m55829
[2m2026-03-24T04:39:05.170696Z[0m [34mDEBUG[0m [2mzk_infra_rs::nats_kv[0m[2m:[0m KV heartbeat [3mkey[0m[2m=[0m"svc.gw.gw_sim_1" [3mrevision[0m[2m=[0m55833
[2m2026-03-24T04:39:20.168375Z[0m [34mDEBUG[0m [2mzk_infra_rs::nats_kv[0m[2m:[0m KV heartbeat [3mkey[0m[2m=[0m"svc.gw.gw_sim_1" [3mrevision[0m[2m=[0m55836
[2m2026-03-24T04:39:35.168039Z[0m [34mDEBUG[0m [2mzk_infra_rs::nats_kv[0m[2m:[0m KV heartbeat [3mkey[0m[2m=[0m"svc.gw.gw_sim_1" [3mrevision[0m[2m=[0m55840
[2m2026-03-24T04:39:50.167566Z[0m [34mDEBUG[0m [2mzk_infra_rs::nats_kv[0m[2m:[0m KV heartbeat [3mkey[0m[2m=[0m"svc.gw.gw_sim_1" [3mrevision[0m[2m=[0m55843
[2m2026-03-24T04:40:05.168159Z[0m [34mDEBUG[0m [2mzk_infra_rs::nats_kv[0m[2m:[0m KV heartbeat [3mkey[0m[2m=[0m"svc.gw.gw_sim_1" [3mrevision[0m[2m=[0m55847
[2m2026-03-24T04:40:20.167754Z[0m [34mDEBUG[0m [2mzk_infra_rs::nats_kv[0m[2m:[0m KV heartbeat [3mkey[0m[2m=[0m"svc.gw.gw_sim_1" [3mrevision[0m[2m=[0m55850
[2m2026-03-24T04:40:35.169420Z[0m [34mDEBUG[0m [2mzk_infra_rs::nats_kv[0m[2m:[0m KV heartbeat [3mkey[0m[2m=[0m"svc.gw.gw_sim_1" [3mrevision[0m[2m=[0m55854
[2m2026-03-24T04:40:50.171751Z[0m [34mDEBUG[0m [2mzk_infra_rs::nats_kv[0m[2m:[0m KV heartbeat [3mkey[0m[2m=[0m"svc.gw.gw_sim_1" [3mrevision[0m[2m=[0m55857
[2m2026-03-24T04:41:05.167635Z[0m [34mDEBUG[0m [2mzk_infra_rs::nats_kv[0m[2m:[0m KV heartbeat [3mkey[0m[2m=[0m"svc.gw.gw_sim_1" [3mrevision[0m[2m=[0m55861
[2m2026-03-24T04:41:20.167137Z[0m [34mDEBUG[0m [2mzk_infra_rs::nats_kv[0m[2m:[0m KV heartbeat [3mkey[0m[2m=[0m"svc.gw.gw_sim_1" [3mrevision[0m[2m=[0m55864
[2m2026-03-24T04:41:35.168727Z[0m [34mDEBUG[0m [2mzk_infra_rs::nats_kv[0m[2m:[0m KV heartbeat [3mkey[0m[2m=[0m"svc.gw.gw_sim_1" [3mrevision[0m[2m=[0m55868
[2m2026-03-24T04:41:50.168238Z[0m [34mDEBUG[0m [2mzk_infra_rs::nats_kv[0m[2m:[0m KV heartbeat [3mkey[0m[2m=[0m"svc.gw.gw_sim_1" [3mrevision[0m[2m=[0m55871
[2m2026-03-24T04:42:05.168809Z[0m [34mDEBUG[0m [2mzk_infra_rs::nats_kv[0m[2m:[0m KV heartbeat [3mkey[0m[2m=[0m"svc.gw.gw_sim_1" [3mrevision[0m[2m=[0m55875
[2m2026-03-24T04:42:20.168032Z[0m [34mDEBUG[0m [2mzk_infra_rs::nats_kv[0m[2m:[0m KV heartbeat [3mkey[0m[2m=[0m"svc.gw.gw_sim_1" [3mrevision[0m[2m=[0m55878
[2m2026-03-24T04:42:35.168236Z[0m [34mDEBUG[0m [2mzk_infra_rs::nats_kv[0m[2m:[0m KV heartbeat [3mkey[0m[2m=[0m"svc.gw.gw_sim_1" [3mrevision[0m[2m=[0m55882
[2m2026-03-24T04:42:50.170608Z[0m [34mDEBUG[0m [2mzk_infra_rs::nats_kv[0m[2m:[0m KV heartbeat [3mkey[0m[2m=[0m"svc.gw.gw_sim_1" [3mrevision[0m[2m=[0m55885
[2m2026-03-24T04:43:05.167674Z[0m [34mDEBUG[0m [2mzk_infra_rs::nats_kv[0m[2m:[0m KV heartbeat [3mkey[0m[2m=[0m"svc.gw.gw_sim_1" [3mrevision[0m[2m=[0m55889
[2m2026-03-24T04:43:20.171813Z[0m [34mDEBUG[0m [2mzk_infra_rs::nats_kv[0m[2m:[0m KV heartbeat [3mkey[0m[2m=[0m"svc.gw.gw_sim_1" [3mrevision[0m[2m=[0m55892
[2m2026-03-24T04:43:35.171131Z[0m [34mDEBUG[0m [2mzk_infra_rs::nats_kv[0m[2m:[0m KV heartbeat [3mkey[0m[2m=[0m"svc.gw.gw_sim_1" [3mrevision[0m[2m=[0m55896
[2m2026-03-24T04:43:50.168265Z[0m [34mDEBUG[0m [2mzk_infra_rs::nats_kv[0m[2m:[0m KV heartbeat [3mkey[0m[2m=[0m"svc.gw.gw_sim_1" [3mrevision[0m[2m=[0m55899
[2m2026-03-24T04:44:05.169438Z[0m [34mDEBUG[0m [2mzk_infra_rs::nats_kv[0m[2m:[0m KV heartbeat [3mkey[0m[2m=[0m"svc.gw.gw_sim_1" [3mrevision[0m[2m=[0m55903
[2m2026-03-24T04:44:20.169227Z[0m [34mDEBUG[0m [2mzk_infra_rs::nats_kv[0m[2m:[0m KV heartbeat [3mkey[0m[2m=[0m"svc.gw.gw_sim_1" [3mrevision[0m[2m=[0m55906
[2m2026-03-24T04:44:35.168688Z[0m [34mDEBUG[0m [2mzk_infra_rs::nats_kv[0m[2m:[0m KV heartbeat [3mkey[0m[2m=[0m"svc.gw.gw_sim_1" [3mrevision[0m[2m=[0m55910
[2m2026-03-24T04:44:50.169879Z[0m [34mDEBUG[0m [2mzk_infra_rs::nats_kv[0m[2m:[0m KV heartbeat [3mkey[0m[2m=[0m"svc.gw.gw_sim_1" [3mrevision[0m[2m=[0m55913
[2m2026-03-24T04:45:05.170172Z[0m [34mDEBUG[0m [2mzk_infra_rs::nats_kv[0m[2m:[0m KV heartbeat [3mkey[0m[2m=[0m"svc.gw.gw_sim_1" [3mrevision[0m[2m=[0m55917
[2m2026-03-24T04:45:20.169326Z[0m [34mDEBUG[0m [2mzk_infra_rs::nats_kv[0m[2m:[0m KV heartbeat [3mkey[0m[2m=[0m"svc.gw.gw_sim_1" [3mrevision[0m[2m=[0m55920
[2m2026-03-24T04:45:35.171292Z[0m [34mDEBUG[0m [2mzk_infra_rs::nats_kv[0m[2m:[0m KV heartbeat [3mkey[0m[2m=[0m"svc.gw.gw_sim_1" [3mrevision[0m[2m=[0m55924
[2m2026-03-24T04:45:50.172671Z[0m [34mDEBUG[0m [2mzk_infra_rs::nats_kv[0m[2m:[0m KV heartbeat [3mkey[0m[2m=[0m"svc.gw.gw_sim_1" [3mrevision[0m[2m=[0m55927
[2m2026-03-24T04:46:05.169228Z[0m [34mDEBUG[0m [2mzk_infra_rs::nats_kv[0m[2m:[0m KV heartbeat [3mkey[0m[2m=[0m"svc.gw.gw_sim_1" [3mrevision[0m[2m=[0m55931
[2m2026-03-24T04:46:20.176736Z[0m [34mDEBUG[0m [2mzk_infra_rs::nats_kv[0m[2m:[0m KV heartbeat [3mkey[0m[2m=[0m"svc.gw.gw_sim_1" [3mrevision[0m[2m=[0m55934
[2m2026-03-24T04:46:35.169765Z[0m [34mDEBUG[0m [2mzk_infra_rs::nats_kv[0m[2m:[0m KV heartbeat [3mkey[0m[2m=[0m"svc.gw.gw_sim_1" [3mrevision[0m[2m=[0m55938
[2m2026-03-24T04:46:50.170841Z[0m [34mDEBUG[0m [2mzk_infra_rs::nats_kv[0m[2m:[0m KV heartbeat [3mkey[0m[2m=[0m"svc.gw.gw_sim_1" [3mrevision[0m[2m=[0m55941
[2m2026-03-24T04:47:05.170734Z[0m [34mDEBUG[0m [2mzk_infra_rs::nats_kv[0m[2m:[0m KV heartbeat [3mkey[0m[2m=[0m"svc.gw.gw_sim_1" [3mrevision[0m[2m=[0m55945
[2m2026-03-24T04:47:20.168887Z[0m [34mDEBUG[0m [2mzk_infra_rs::nats_kv[0m[2m:[0m KV heartbeat [3mkey[0m[2m=[0m"svc.gw.gw_sim_1" [3mrevision[0m[2m=[0m55948
[2m2026-03-24T04:47:35.172725Z[0m [34mDEBUG[0m [2mzk_infra_rs::nats_kv[0m[2m:[0m KV heartbeat [3mkey[0m[2m=[0m"svc.gw.gw_sim_1" [3mrevision[0m[2m=[0m55952
[2m2026-03-24T04:47:50.171565Z[0m [34mDEBUG[0m [2mzk_infra_rs::nats_kv[0m[2m:[0m KV heartbeat [3mkey[0m[2m=[0m"svc.gw.gw_sim_1" [3mrevision[0m[2m=[0m55955
[2m2026-03-24T04:48:05.170234Z[0m [34mDEBUG[0m [2mzk_infra_rs::nats_kv[0m[2m:[0m KV heartbeat [3mkey[0m[2m=[0m"svc.gw.gw_sim_1" [3mrevision[0m[2m=[0m55959
[2m2026-03-24T04:48:20.171280Z[0m [34mDEBUG[0m [2mzk_infra_rs::nats_kv[0m[2m:[0m KV heartbeat [3mkey[0m[2m=[0m"svc.gw.gw_sim_1" [3mrevision[0m[2m=[0m55962
[2m2026-03-24T04:48:35.172695Z[0m [34mDEBUG[0m [2mzk_infra_rs::nats_kv[0m[2m:[0m KV heartbeat [3mkey[0m[2m=[0m"svc.gw.gw_sim_1" [3mrevision[0m[2m=[0m55966
[2m2026-03-24T04:48:50.187539Z[0m [34mDEBUG[0m [2mzk_infra_rs::nats_kv[0m[2m:[0m KV heartbeat [3mkey[0m[2m=[0m"svc.gw.gw_sim_1" [3mrevision[0m[2m=[0m55969
[2m2026-03-24T04:49:05.174838Z[0m [34mDEBUG[0m [2mzk_infra_rs::nats_kv[0m[2m:[0m KV heartbeat [3mkey[0m[2m=[0m"svc.gw.gw_sim_1" [3mrevision[0m[2m=[0m55973
[2m2026-03-24T04:49:20.173054Z[0m [34mDEBUG[0m [2mzk_infra_rs::nats_kv[0m[2m:[0m KV heartbeat [3mkey[0m[2m=[0m"svc.gw.gw_sim_1" [3mrevision[0m[2m=[0m55976
[2m2026-03-24T04:49:35.176609Z[0m [34mDEBUG[0m [2mzk_infra_rs::nats_kv[0m[2m:[0m KV heartbeat [3mkey[0m[2m=[0m"svc.gw.gw_sim_1" [3mrevision[0m[2m=[0m55980
[2m2026-03-24T04:49:50.176371Z[0m [34mDEBUG[0m [2mzk_infra_rs::nats_kv[0m[2m:[0m KV heartbeat [3mkey[0m[2m=[0m"svc.gw.gw_sim_1" [3mrevision[0m[2m=[0m55983
[2m2026-03-24T04:50:05.174856Z[0m [34mDEBUG[0m [2mzk_infra_rs::nats_kv[0m[2m:[0m KV heartbeat [3mkey[0m[2m=[0m"svc.gw.gw_sim_1" [3mrevision[0m[2m=[0m55987
[2m2026-03-24T04:50:20.175377Z[0m [34mDEBUG[0m [2mzk_infra_rs::nats_kv[0m[2m:[0m KV heartbeat [3mkey[0m[2m=[0m"svc.gw.gw_sim_1" [3mrevision[0m[2m=[0m55990
[2m2026-03-24T04:50:35.175212Z[0m [34mDEBUG[0m [2mzk_infra_rs::nats_kv[0m[2m:[0m KV heartbeat [3mkey[0m[2m=[0m"svc.gw.gw_sim_1" [3mrevision[0m[2m=[0m55994
[2m2026-03-24T04:50:50.177289Z[0m [34mDEBUG[0m [2mzk_infra_rs::nats_kv[0m[2m:[0m KV heartbeat [3mkey[0m[2m=[0m"svc.gw.gw_sim_1" [3mrevision[0m[2m=[0m55997
[2m2026-03-24T04:51:05.173963Z[0m [34mDEBUG[0m [2mzk_infra_rs::nats_kv[0m[2m:[0m KV heartbeat [3mkey[0m[2m=[0m"svc.gw.gw_sim_1" [3mrevision[0m[2m=[0m56001
[2m2026-03-24T04:51:20.178819Z[0m [34mDEBUG[0m [2mzk_infra_rs::nats_kv[0m[2m:[0m KV heartbeat [3mkey[0m[2m=[0m"svc.gw.gw_sim_1" [3mrevision[0m[2m=[0m56004
[2m2026-03-24T04:51:35.175238Z[0m [34mDEBUG[0m [2mzk_infra_rs::nats_kv[0m[2m:[0m KV heartbeat [3mkey[0m[2m=[0m"svc.gw.gw_sim_1" [3mrevision[0m[2m=[0m56008
[2m2026-03-24T04:51:50.175521Z[0m [34mDEBUG[0m [2mzk_infra_rs::nats_kv[0m[2m:[0m KV heartbeat [3mkey[0m[2m=[0m"svc.gw.gw_sim_1" [3mrevision[0m[2m=[0m56011
[2m2026-03-24T04:52:05.175769Z[0m [34mDEBUG[0m [2mzk_infra_rs::nats_kv[0m[2m:[0m KV heartbeat [3mkey[0m[2m=[0m"svc.gw.gw_sim_1" [3mrevision[0m[2m=[0m56015
[2m2026-03-24T04:52:20.194790Z[0m [34mDEBUG[0m [2mzk_infra_rs::nats_kv[0m[2m:[0m KV heartbeat [3mkey[0m[2m=[0m"svc.gw.gw_sim_1" [3mrevision[0m[2m=[0m56018
[2m2026-03-24T04:52:35.178931Z[0m [34mDEBUG[0m [2mzk_infra_rs::nats_kv[0m[2m:[0m KV heartbeat [3mkey[0m[2m=[0m"svc.gw.gw_sim_1" [3mrevision[0m[2m=[0m56022
[2m2026-03-24T04:52:50.184056Z[0m [34mDEBUG[0m [2mzk_infra_rs::nats_kv[0m[2m:[0m KV heartbeat [3mkey[0m[2m=[0m"svc.gw.gw_sim_1" [3mrevision[0m[2m=[0m56025
[2m2026-03-24T04:53:05.175525Z[0m [34mDEBUG[0m [2mzk_infra_rs::nats_kv[0m[2m:[0m KV heartbeat [3mkey[0m[2m=[0m"svc.gw.gw_sim_1" [3mrevision[0m[2m=[0m56029
[2m2026-03-24T04:53:20.175620Z[0m [34mDEBUG[0m [2mzk_infra_rs::nats_kv[0m[2m:[0m KV heartbeat [3mkey[0m[2m=[0m"svc.gw.gw_sim_1" [3mrevision[0m[2m=[0m56032
[2m2026-03-24T04:53:35.175515Z[0m [34mDEBUG[0m [2mzk_infra_rs::nats_kv[0m[2m:[0m KV heartbeat [3mkey[0m[2m=[0m"svc.gw.gw_sim_1" [3mrevision[0m[2m=[0m56036
[2m2026-03-24T04:53:50.177219Z[0m [34mDEBUG[0m [2mzk_infra_rs::nats_kv[0m[2m:[0m KV heartbeat [3mkey[0m[2m=[0m"svc.gw.gw_sim_1" [3mrevision[0m[2m=[0m56039
[2m2026-03-24T04:54:05.176359Z[0m [34mDEBUG[0m [2mzk_infra_rs::nats_kv[0m[2m:[0m KV heartbeat [3mkey[0m[2m=[0m"svc.gw.gw_sim_1" [3mrevision[0m[2m=[0m56043
[2m2026-03-24T04:54:20.177082Z[0m [34mDEBUG[0m [2mzk_infra_rs::nats_kv[0m[2m:[0m KV heartbeat [3mkey[0m[2m=[0m"svc.gw.gw_sim_1" [3mrevision[0m[2m=[0m56046
[2m2026-03-24T04:54:35.178336Z[0m [34mDEBUG[0m [2mzk_infra_rs::nats_kv[0m[2m:[0m KV heartbeat [3mkey[0m[2m=[0m"svc.gw.gw_sim_1" [3mrevision[0m[2m=[0m56050
[2m2026-03-24T04:54:50.179036Z[0m [34mDEBUG[0m [2mzk_infra_rs::nats_kv[0m[2m:[0m KV heartbeat [3mkey[0m[2m=[0m"svc.gw.gw_sim_1" [3mrevision[0m[2m=[0m56053
[2m2026-03-24T04:55:05.178729Z[0m [34mDEBUG[0m [2mzk_infra_rs::nats_kv[0m[2m:[0m KV heartbeat [3mkey[0m[2m=[0m"svc.gw.gw_sim_1" [3mrevision[0m[2m=[0m56057
[2m2026-03-24T04:55:20.177212Z[0m [34mDEBUG[0m [2mzk_infra_rs::nats_kv[0m[2m:[0m KV heartbeat [3mkey[0m[2m=[0m"svc.gw.gw_sim_1" [3mrevision[0m[2m=[0m56060
[2m2026-03-24T04:55:35.179058Z[0m [34mDEBUG[0m [2mzk_infra_rs::nats_kv[0m[2m:[0m KV heartbeat [3mkey[0m[2m=[0m"svc.gw.gw_sim_1" [3mrevision[0m[2m=[0m56064
[2m2026-03-24T04:55:50.178114Z[0m [34mDEBUG[0m [2mzk_infra_rs::nats_kv[0m[2m:[0m KV heartbeat [3mkey[0m[2m=[0m"svc.gw.gw_sim_1" [3mrevision[0m[2m=[0m56067
[2m2026-03-24T04:56:05.177085Z[0m [34mDEBUG[0m [2mzk_infra_rs::nats_kv[0m[2m:[0m KV heartbeat [3mkey[0m[2m=[0m"svc.gw.gw_sim_1" [3mrevision[0m[2m=[0m56071
[2m2026-03-24T04:56:20.177408Z[0m [34mDEBUG[0m [2mzk_infra_rs::nats_kv[0m[2m:[0m KV heartbeat [3mkey[0m[2m=[0m"svc.gw.gw_sim_1" [3mrevision[0m[2m=[0m56074
[2m2026-03-24T04:56:35.178165Z[0m [34mDEBUG[0m [2mzk_infra_rs::nats_kv[0m[2m:[0m KV heartbeat [3mkey[0m[2m=[0m"svc.gw.gw_sim_1" [3mrevision[0m[2m=[0m56078
[2m2026-03-24T04:56:50.176998Z[0m [34mDEBUG[0m [2mzk_infra_rs::nats_kv[0m[2m:[0m KV heartbeat [3mkey[0m[2m=[0m"svc.gw.gw_sim_1" [3mrevision[0m[2m=[0m56081
[2m2026-03-24T04:57:05.207679Z[0m [34mDEBUG[0m [2mzk_infra_rs::nats_kv[0m[2m:[0m KV heartbeat [3mkey[0m[2m=[0m"svc.gw.gw_sim_1" [3mrevision[0m[2m=[0m56085
[2m2026-03-24T04:57:20.176683Z[0m [34mDEBUG[0m [2mzk_infra_rs::nats_kv[0m[2m:[0m KV heartbeat [3mkey[0m[2m=[0m"svc.gw.gw_sim_1" [3mrevision[0m[2m=[0m56088
[2m2026-03-24T04:57:35.179127Z[0m [34mDEBUG[0m [2mzk_infra_rs::nats_kv[0m[2m:[0m KV heartbeat [3mkey[0m[2m=[0m"svc.gw.gw_sim_1" [3mrevision[0m[2m=[0m56092
[2m2026-03-24T04:57:50.177069Z[0m [34mDEBUG[0m [2mzk_infra_rs::nats_kv[0m[2m:[0m KV heartbeat [3mkey[0m[2m=[0m"svc.gw.gw_sim_1" [3mrevision[0m[2m=[0m56095
[2m2026-03-24T04:58:05.177203Z[0m [34mDEBUG[0m [2mzk_infra_rs::nats_kv[0m[2m:[0m KV heartbeat [3mkey[0m[2m=[0m"svc.gw.gw_sim_1" [3mrevision[0m[2m=[0m56099
[2m2026-03-24T04:58:20.181618Z[0m [34mDEBUG[0m [2mzk_infra_rs::nats_kv[0m[2m:[0m KV heartbeat [3mkey[0m[2m=[0m"svc.gw.gw_sim_1" [3mrevision[0m[2m=[0m56102
[2m2026-03-24T04:58:35.177493Z[0m [34mDEBUG[0m [2mzk_infra_rs::nats_kv[0m[2m:[0m KV heartbeat [3mkey[0m[2m=[0m"svc.gw.gw_sim_1" [3mrevision[0m[2m=[0m56106
[2m2026-03-24T04:58:50.177867Z[0m [34mDEBUG[0m [2mzk_infra_rs::nats_kv[0m[2m:[0m KV heartbeat [3mkey[0m[2m=[0m"svc.gw.gw_sim_1" [3mrevision[0m[2m=[0m56109
[2m2026-03-24T04:59:05.178679Z[0m [34mDEBUG[0m [2mzk_infra_rs::nats_kv[0m[2m:[0m KV heartbeat [3mkey[0m[2m=[0m"svc.gw.gw_sim_1" [3mrevision[0m[2m=[0m56113
[2m2026-03-24T04:59:20.178669Z[0m [34mDEBUG[0m [2mzk_infra_rs::nats_kv[0m[2m:[0m KV heartbeat [3mkey[0m[2m=[0m"svc.gw.gw_sim_1" [3mrevision[0m[2m=[0m56116
[2m2026-03-24T04:59:35.179380Z[0m [34mDEBUG[0m [2mzk_infra_rs::nats_kv[0m[2m:[0m KV heartbeat [3mkey[0m[2m=[0m"svc.gw.gw_sim_1" [3mrevision[0m[2m=[0m56120
[2m2026-03-24T04:59:50.179102Z[0m [34mDEBUG[0m [2mzk_infra_rs::nats_kv[0m[2m:[0m KV heartbeat [3mkey[0m[2m=[0m"svc.gw.gw_sim_1" [3mrevision[0m[2m=[0m56123
[2m2026-03-24T05:00:05.179115Z[0m [34mDEBUG[0m [2mzk_infra_rs::nats_kv[0m[2m:[0m KV heartbeat [3mkey[0m[2m=[0m"svc.gw.gw_sim_1" [3mrevision[0m[2m=[0m56127
[2m2026-03-24T05:00:20.178164Z[0m [34mDEBUG[0m [2mzk_infra_rs::nats_kv[0m[2m:[0m KV heartbeat [3mkey[0m[2m=[0m"svc.gw.gw_sim_1" [3mrevision[0m[2m=[0m56130
[2m2026-03-24T05:00:35.223811Z[0m [34mDEBUG[0m [2mzk_infra_rs::nats_kv[0m[2m:[0m KV heartbeat [3mkey[0m[2m=[0m"svc.gw.gw_sim_1" [3mrevision[0m[2m=[0m56134
[2m2026-03-24T05:00:50.178750Z[0m [34mDEBUG[0m [2mzk_infra_rs::nats_kv[0m[2m:[0m KV heartbeat [3mkey[0m[2m=[0m"svc.gw.gw_sim_1" [3mrevision[0m[2m=[0m56137
[2m2026-03-24T05:01:05.179316Z[0m [34mDEBUG[0m [2mzk_infra_rs::nats_kv[0m[2m:[0m KV heartbeat [3mkey[0m[2m=[0m"svc.gw.gw_sim_1" [3mrevision[0m[2m=[0m56141
[2m2026-03-24T05:01:20.191046Z[0m [34mDEBUG[0m [2mzk_infra_rs::nats_kv[0m[2m:[0m KV heartbeat [3mkey[0m[2m=[0m"svc.gw.gw_sim_1" [3mrevision[0m[2m=[0m56144
[2m2026-03-24T05:01:35.180436Z[0m [34mDEBUG[0m [2mzk_infra_rs::nats_kv[0m[2m:[0m KV heartbeat [3mkey[0m[2m=[0m"svc.gw.gw_sim_1" [3mrevision[0m[2m=[0m56148
[2m2026-03-24T05:01:50.191028Z[0m [34mDEBUG[0m [2mzk_infra_rs::nats_kv[0m[2m:[0m KV heartbeat [3mkey[0m[2m=[0m"svc.gw.gw_sim_1" [3mrevision[0m[2m=[0m56151
[2m2026-03-24T05:02:05.179917Z[0m [34mDEBUG[0m [2mzk_infra_rs::nats_kv[0m[2m:[0m KV heartbeat [3mkey[0m[2m=[0m"svc.gw.gw_sim_1" [3mrevision[0m[2m=[0m56155
[2m2026-03-24T05:02:20.178752Z[0m [34mDEBUG[0m [2mzk_infra_rs::nats_kv[0m[2m:[0m KV heartbeat [3mkey[0m[2m=[0m"svc.gw.gw_sim_1" [3mrevision[0m[2m=[0m56158
[2m2026-03-24T05:02:35.181233Z[0m [34mDEBUG[0m [2mzk_infra_rs::nats_kv[0m[2m:[0m KV heartbeat [3mkey[0m[2m=[0m"svc.gw.gw_sim_1" [3mrevision[0m[2m=[0m56162
[2m2026-03-24T05:02:50.181457Z[0m [34mDEBUG[0m [2mzk_infra_rs::nats_kv[0m[2m:[0m KV heartbeat [3mkey[0m[2m=[0m"svc.gw.gw_sim_1" [3mrevision[0m[2m=[0m56165
[2m2026-03-24T05:03:05.178899Z[0m [34mDEBUG[0m [2mzk_infra_rs::nats_kv[0m[2m:[0m KV heartbeat [3mkey[0m[2m=[0m"svc.gw.gw_sim_1" [3mrevision[0m[2m=[0m56169
[2m2026-03-24T05:03:20.260367Z[0m [34mDEBUG[0m [2mzk_infra_rs::nats_kv[0m[2m:[0m KV heartbeat [3mkey[0m[2m=[0m"svc.gw.gw_sim_1" [3mrevision[0m[2m=[0m56172
[2m2026-03-24T05:03:35.180380Z[0m [34mDEBUG[0m [2mzk_infra_rs::nats_kv[0m[2m:[0m KV heartbeat [3mkey[0m[2m=[0m"svc.gw.gw_sim_1" [3mrevision[0m[2m=[0m56176
[2m2026-03-24T05:03:50.181889Z[0m [34mDEBUG[0m [2mzk_infra_rs::nats_kv[0m[2m:[0m KV heartbeat [3mkey[0m[2m=[0m"svc.gw.gw_sim_1" [3mrevision[0m[2m=[0m56179
[2m2026-03-24T05:04:05.179415Z[0m [34mDEBUG[0m [2mzk_infra_rs::nats_kv[0m[2m:[0m KV heartbeat [3mkey[0m[2m=[0m"svc.gw.gw_sim_1" [3mrevision[0m[2m=[0m56183
[2m2026-03-24T05:04:20.178961Z[0m [34mDEBUG[0m [2mzk_infra_rs::nats_kv[0m[2m:[0m KV heartbeat [3mkey[0m[2m=[0m"svc.gw.gw_sim_1" [3mrevision[0m[2m=[0m56186
[2m2026-03-24T05:04:35.181685Z[0m [34mDEBUG[0m [2mzk_infra_rs::nats_kv[0m[2m:[0m KV heartbeat [3mkey[0m[2m=[0m"svc.gw.gw_sim_1" [3mrevision[0m[2m=[0m56190
[2m2026-03-24T05:04:50.181451Z[0m [34mDEBUG[0m [2mzk_infra_rs::nats_kv[0m[2m:[0m KV heartbeat [3mkey[0m[2m=[0m"svc.gw.gw_sim_1" [3mrevision[0m[2m=[0m56196
[2m2026-03-24T05:05:05.182346Z[0m [34mDEBUG[0m [2mzk_infra_rs::nats_kv[0m[2m:[0m KV heartbeat [3mkey[0m[2m=[0m"svc.gw.gw_sim_1" [3mrevision[0m[2m=[0m56203
[2m2026-03-24T05:05:20.182617Z[0m [34mDEBUG[0m [2mzk_infra_rs::nats_kv[0m[2m:[0m KV heartbeat [3mkey[0m[2m=[0m"svc.gw.gw_sim_1" [3mrevision[0m[2m=[0m56206
[2m2026-03-24T05:05:35.182638Z[0m [34mDEBUG[0m [2mzk_infra_rs::nats_kv[0m[2m:[0m KV heartbeat [3mkey[0m[2m=[0m"svc.gw.gw_sim_1" [3mrevision[0m[2m=[0m56210
[2m2026-03-24T05:05:50.182165Z[0m [34mDEBUG[0m [2mzk_infra_rs::nats_kv[0m[2m:[0m KV heartbeat [3mkey[0m[2m=[0m"svc.gw.gw_sim_1" [3mrevision[0m[2m=[0m56213
[2m2026-03-24T05:06:05.183639Z[0m [34mDEBUG[0m [2mzk_infra_rs::nats_kv[0m[2m:[0m KV heartbeat [3mkey[0m[2m=[0m"svc.gw.gw_sim_1" [3mrevision[0m[2m=[0m56217
[2m2026-03-24T05:06:20.182740Z[0m [34mDEBUG[0m [2mzk_infra_rs::nats_kv[0m[2m:[0m KV heartbeat [3mkey[0m[2m=[0m"svc.gw.gw_sim_1" [3mrevision[0m[2m=[0m56220
[2m2026-03-24T05:06:35.183853Z[0m [34mDEBUG[0m [2mzk_infra_rs::nats_kv[0m[2m:[0m KV heartbeat [3mkey[0m[2m=[0m"svc.gw.gw_sim_1" [3mrevision[0m[2m=[0m56224
[2m2026-03-24T05:06:50.184465Z[0m [33m WARN[0m [2mzk_infra_rs::nats_kv[0m[2m:[0m KV heartbeat CAS failed — fenced, stopping [3mkey[0m[2m=[0m"svc.gw.gw_sim_1" [3merror[0m[2m=[0mwrong last revision: wrong last sequence: 400 (code wrong last sequence: 56226, error code 10071)
[2m2026-03-24T05:06:50.186595Z[0m [33m WARN[0m [2mzk_gw_svc[0m[2m:[0m KV fencing detected — shutting down
[2m2026-03-24T05:06:50.186618Z[0m [32m INFO[0m [2mzk_gw_svc[0m[2m:[0m zk-gw-svc stopped
