cd java && ZK_NATS_URL=nats://localhost:4222 \
	           ZK_PG_URL=jdbc:postgresql://localhost:5432/zkbot \
	           ZK_PG_USER=zk \
	           ZK_PG_PASS=zk \
	           ZK_REDIS_URL=redis://localhost:6379 \
	           ZK_ENV=dev \
	           ZK_PILOT_ID=pilot_dev_1 \
	           ZK_HTTP_PORT=8090 \
	           SPRING_PROFILES_ACTIVE=dev \
	           ./gradlew bootRun
Starting a Gradle Daemon, 1 busy and 1 incompatible Daemons could not be reused, use --status for details
> Task :extractIncludeProto UP-TO-DATE
> Task :extractProto UP-TO-DATE
> Task :generateProto UP-TO-DATE
> Task :compileJava UP-TO-DATE
> Task :processResources UP-TO-DATE
> Task :classes UP-TO-DATE
> Task :resolveMainClassName

> Task :bootRun

  .   ____          _            __ _ _
 /\\ / ___'_ __ _ _(_)_ __  __ _ \ \ \ \
( ( )\___ | '_ | '_| | '_ \/ _` | \ \ \ \
 \\/  ___)| |_)| | | | | || (_| |  ) ) ) )
  '  |____| .__|_| |_|_| |_\__, | / / / /
 =========|_|==============|___/=/_/_/_/

 :: Spring Boot ::                (v3.4.3)

2026-03-24T16:51:16.868+08:00  INFO 47956 --- [           main] com.zkbot.pilot.PilotApplication         : Starting PilotApplication using Java 21.0.10 with PID 47956 (/Users/zzk/workspace/zklab/zkbot/java/build/classes/java/main started by zzk in /Users/zzk/workspace/zklab/zkbot/java)
2026-03-24T16:51:16.869+08:00  INFO 47956 --- [           main] com.zkbot.pilot.PilotApplication         : The following 1 profile is active: "dev"
2026-03-24T16:51:17.328+08:00  INFO 47956 --- [           main] .s.d.r.c.RepositoryConfigurationDelegate : Multiple Spring Data modules found, entering strict repository configuration mode
2026-03-24T16:51:17.329+08:00  INFO 47956 --- [           main] .s.d.r.c.RepositoryConfigurationDelegate : Bootstrapping Spring Data Redis repositories in DEFAULT mode.
2026-03-24T16:51:17.347+08:00  INFO 47956 --- [           main] .s.d.r.c.RepositoryConfigurationDelegate : Finished Spring Data repository scanning in 9 ms. Found 0 Redis repository interfaces.
2026-03-24T16:51:17.638+08:00  INFO 47956 --- [           main] o.s.b.w.embedded.tomcat.TomcatWebServer  : Tomcat initialized with port 8090 (http)
2026-03-24T16:51:17.645+08:00  INFO 47956 --- [           main] o.apache.catalina.core.StandardService   : Starting service [Tomcat]
2026-03-24T16:51:17.646+08:00  INFO 47956 --- [           main] o.apache.catalina.core.StandardEngine    : Starting Servlet engine: [Apache Tomcat/10.1.36]
2026-03-24T16:51:17.670+08:00  INFO 47956 --- [           main] o.a.c.c.C.[Tomcat].[localhost].[/]       : Initializing Spring embedded WebApplicationContext
2026-03-24T16:51:17.671+08:00  INFO 47956 --- [           main] w.s.c.ServletWebServerApplicationContext : Root WebApplicationContext: initialization completed in 781 ms
2026-03-24T16:51:17.850+08:00  INFO 47956 --- [           main] com.zaxxer.hikari.HikariDataSource       : HikariPool-1 - Starting...
2026-03-24T16:51:17.938+08:00  INFO 47956 --- [           main] com.zaxxer.hikari.pool.HikariPool        : HikariPool-1 - Added connection org.postgresql.jdbc.PgConnection@6cd2cb2
2026-03-24T16:51:17.938+08:00  INFO 47956 --- [           main] com.zaxxer.hikari.HikariDataSource       : HikariPool-1 - Start completed.
2026-03-24T16:51:17.952+08:00  INFO 47956 --- [           main] org.flywaydb.core.FlywayExecutor         : Database: jdbc:postgresql://localhost:5432/zkbot (PostgreSQL 16.13)
2026-03-24T16:51:17.984+08:00  INFO 47956 --- [           main] o.f.core.internal.command.DbValidate     : Successfully validated 7 migrations (execution time 00:00.018s)
2026-03-24T16:51:18.018+08:00  INFO 47956 --- [           main] o.f.core.internal.command.DbMigrate      : Current version of schema "public": 7
2026-03-24T16:51:18.020+08:00  INFO 47956 --- [           main] o.f.core.internal.command.DbMigrate      : Schema "public" is up to date. No migration necessary.
2026-03-24T16:51:18.081+08:00  INFO 47956 --- [           main] com.zkbot.pilot.config.NatsConfig        : Connected to NATS at nats://localhost:4222
2026-03-24T16:51:18.091+08:00  INFO 47956 --- [           main] com.zkbot.pilot.config.NatsConfig        : KV bucket 'zk-svc-registry-v1' already exists
2026-03-24T16:51:18.147+08:00  INFO 47956 --- [           main] c.zkbot.pilot.meta.VenueManifestLoader   : venue-manifest: loaded 4 venue manifests: [oanda, ibkr, simulator, okx]
2026-03-24T16:51:18.189+08:00 ERROR 47956 --- [           main] c.z.pilot.schema.SchemaRegistrySyncer    : SCHEMA_MISMATCH: venue_capability/okx/rtmd version=2 — bundled hash=1712c532643806ef44f1a1f2cb816d03f1919c86aeade080ae8fb084a029f203 != db hash=68b4343cc4378ee1f9bb7b2f912a4c4e8fff5d42f0ab2c1cd6af8a4d6e2727ce. Manifest changed without version bump.
2026-03-24T16:51:18.197+08:00  INFO 47956 --- [           main] c.z.pilot.schema.SchemaRegistrySyncer    : schema-sync: complete — new=0, unchanged=13, mismatch=1
2026-03-24T16:51:18.197+08:00 ERROR 47956 --- [           main] c.z.pilot.schema.SchemaRegistrySyncer    : schema-sync: 1 SCHEMA_MISMATCH errors detected. Manifests were changed without bumping version. Fix in code and redeploy.
2026-03-24T16:51:18.632+08:00  INFO 47956 --- [           main] r$InitializeUserDetailsManagerConfigurer : Global AuthenticationManager configured with UserDetailsService bean with name userDetailsService
2026-03-24T16:51:18.771+08:00  INFO 47956 --- [           main] o.s.b.a.e.web.EndpointLinksResolver      : Exposing 3 endpoints beneath base path '/actuator'
2026-03-24T16:51:18.956+08:00  INFO 47956 --- [         nats:5] com.zkbot.pilot.bootstrap.KvReconciler   : reconciler: initial snapshot loaded (2 live keys)
2026-03-24T16:51:18.956+08:00  INFO 47956 --- [           main] c.z.pilot.bootstrap.BootstrapService     : BootstrapService started, subscribed to zk.bootstrap.register and zk.bootstrap.deregister
2026-03-24T16:51:18.962+08:00  WARN 47956 --- [           main] ConfigServletWebServerApplicationContext : Exception encountered during context initialization - cancelling refresh attempt: org.springframework.context.ApplicationContextException: Failed to start bean 'webServerStartStop'
2026-03-24T16:51:18.966+08:00  INFO 47956 --- [           main] com.zkbot.pilot.grpc.GwSimAdminClient    : Shutting down 0 simulator admin gRPC channels
2026-03-24T16:51:18.966+08:00  INFO 47956 --- [           main] c.z.p.orchestrator.ProcessOrchestrator   : orchestrator: shutting down, stopping 0 managed processes
2026-03-24T16:51:18.967+08:00  INFO 47956 --- [           main] com.zkbot.pilot.config.NatsConfig        : NATS connection closed
2026-03-24T16:51:18.968+08:00  INFO 47956 --- [           main] com.zkbot.pilot.grpc.OmsGrpcClient       : Shutting down 0 OMS gRPC channels
2026-03-24T16:51:18.968+08:00  INFO 47956 --- [           main] com.zaxxer.hikari.HikariDataSource       : HikariPool-1 - Shutdown initiated...
2026-03-24T16:51:18.969+08:00  INFO 47956 --- [           main] com.zaxxer.hikari.HikariDataSource       : HikariPool-1 - Shutdown completed.
2026-03-24T16:51:18.980+08:00  INFO 47956 --- [           main] .s.b.a.l.ConditionEvaluationReportLogger : 

Error starting ApplicationContext. To display the condition evaluation report re-run your application with 'debug' enabled.
2026-03-24T16:51:18.990+08:00 ERROR 47956 --- [           main] o.s.b.d.LoggingFailureAnalysisReporter   : 

***************************
APPLICATION FAILED TO START
***************************

Description:

Web server failed to start. Port 8090 was already in use.

Action:

Identify and stop the process that's listening on port 8090 or configure this application to listen on another port.


> Task :bootRun FAILED

FAILURE: Build failed with an exception.

* What went wrong:
Execution failed for task ':bootRun'.
> Process 'command '/Users/zzk/.sdkman/candidates/java/21.0.10-zulu/zulu-21.jdk/Contents/Home/bin/java'' finished with non-zero exit value 1

* Try:
> Run with --stacktrace option to get the stack trace.
> Run with --info or --debug option to get more log output.
> Run with --scan to get full insights.
> Get more help at https://help.gradle.org.

BUILD FAILED in 7s
7 actionable tasks: 2 executed, 5 up-to-date
make: *** [pilot-java-run] Error 1
